🚀 Backend running on port 5000
Reçu: POST /api/process
Headers: {
  host: 'localhost:5000',
  connection: 'keep-alive',
  'content-length': '53463',
  'sec-ch-ua-platform': '"Windows"',
  'user-agent': 'Mozilla/5.0 (Windows NT 10.0; Win64; x64) AppleWebKit/537.36 (KHTML, like Gecko) Chrome/136.0.0.0 Safari/537.36',
  'sec-ch-ua': '"Chromium";v="136", "Google Chrome";v="136", "Not.A/Brand";v="99"',
  'content-type': 'multipart/form-data; boundary=----WebKitFormBoundaryoGjvfAdFKU6Y37AG',
  'sec-ch-ua-mobile': '?0',
  accept: '*/*',
  origin: 'http://127.0.0.1:5500',
  'sec-fetch-site': 'cross-site',
  'sec-fetch-mode': 'cors',
  'sec-fetch-dest': 'empty',
  referer: 'http://127.0.0.1:5500/',
  'accept-encoding': 'gzip, deflate, br, zstd',
  'accept-language': 'en-GB,en;q=0.9,fr-FR;q=0.8,fr;q=0.7,en-US;q=0.6'
}
Texte extrait (début): 

TD d’Économie – Julien Grenet
École Normale Supérieure
Année 2007-2008
TD 1: La fonction de production
Séance du 25 octobre 2007
Objectifs du TD :
1. Se familiariser avec un certain nombre de notion
Taille du texte: 3447
Reçu: POST /api/process
Headers: {
  host: 'localhost:5000',
  connection: 'keep-alive',
  'content-length': '137286',
  'sec-ch-ua-platform': '"Windows"',
  'user-agent': 'Mozilla/5.0 (Windows NT 10.0; Win64; x64) AppleWebKit/537.36 (KHTML, like Gecko) Chrome/136.0.0.0 Safari/537.36',
  'sec-ch-ua': '"Chromium";v="136", "Google Chrome";v="136", "Not.A/Brand";v="99"',
  'content-type': 'multipart/form-data; boundary=----WebKitFormBoundary0XsqAmO64OOizseH',
  'sec-ch-ua-mobile': '?0',
  accept: '*/*',
  origin: 'http://127.0.0.1:5500',
  'sec-fetch-site': 'cross-site',
  'sec-fetch-mode': 'cors',
  'sec-fetch-dest': 'empty',
  referer: 'http://127.0.0.1:5500/',
  'accept-encoding': 'gzip, deflate, br, zstd',
  'accept-language': 'en-GB,en;q=0.9,fr-FR;q=0.8,fr;q=0.7,en-US;q=0.6'
}
Texte extrait (début): 

Equilibres et dérèglements climatiques  
Météo vs Climat : 
• Météo :  La météo est l’état ou les conditions de 
l’atmosphère sur une courte période, généralement un jour 
ou deux. 
• Climat : Le cl
Taille du texte: 13144
🚀 Backend running on port 5000
Reçu: POST /api/process
Headers: {
  host: 'localhost:5000',
  connection: 'keep-alive',
  'content-length': '137286',
  'sec-ch-ua-platform': '"Windows"',
  'user-agent': 'Mozilla/5.0 (Windows NT 10.0; Win64; x64) AppleWebKit/537.36 (KHTML, like Gecko) Chrome/136.0.0.0 Safari/537.36',
  'sec-ch-ua': '"Chromium";v="136", "Google Chrome";v="136", "Not.A/Brand";v="99"',
  'content-type': 'multipart/form-data; boundary=----WebKitFormBoundaryz4OBEAXB9JXQEGwY',
  'sec-ch-ua-mobile': '?0',
  accept: '*/*',
  origin: 'http://127.0.0.1:5500',
  'sec-fetch-site': 'cross-site',
  'sec-fetch-mode': 'cors',
  'sec-fetch-dest': 'empty',
  referer: 'http://127.0.0.1:5500/',
  'accept-encoding': 'gzip, deflate, br, zstd',
  'accept-language': 'en-GB,en;q=0.9,fr-FR;q=0.8,fr;q=0.7,en-US;q=0.6'
}
Texte extrait (début): 

Equilibres et dérèglements climatiques  
Météo vs Climat : 
• Météo :  La météo est l’état ou les conditions de 
l’atmosphère sur une courte période, généralement un jour 
ou deux. 
• Climat : Le cl
Taille du texte: 13144
Reçu: POST /api/process
Headers: {
  host: 'localhost:5000',
  connection: 'keep-alive',
  'content-length': '137286',
  'sec-ch-ua-platform': '"Windows"',
  'user-agent': 'Mozilla/5.0 (Windows NT 10.0; Win64; x64) AppleWebKit/537.36 (KHTML, like Gecko) Chrome/136.0.0.0 Safari/537.36',
  'sec-ch-ua': '"Chromium";v="136", "Google Chrome";v="136", "Not.A/Brand";v="99"',
  'content-type': 'multipart/form-data; boundary=----WebKitFormBoundaryYZM2AW2lyXD5moZX',
  'sec-ch-ua-mobile': '?0',
  accept: '*/*',
  origin: 'http://127.0.0.1:5500',
  'sec-fetch-site': 'cross-site',
  'sec-fetch-mode': 'cors',
  'sec-fetch-dest': 'empty',
  referer: 'http://127.0.0.1:5500/',
  'accept-encoding': 'gzip, deflate, br, zstd',
  'accept-language': 'en-GB,en;q=0.9,fr-FR;q=0.8,fr;q=0.7,en-US;q=0.6'
}
Texte extrait (début): 

Equilibres et dérèglements climatiques  
Météo vs Climat : 
• Météo :  La météo est l’état ou les conditions de 
l’atmosphère sur une courte période, généralement un jour 
ou deux. 
• Climat : Le cl
Taille du texte: 13144
🚀 Backend running on port 5000
Reçu: POST /api/process
Headers: {
  host: 'localhost:5000',
  connection: 'keep-alive',
  'content-length': '137286',
  'sec-ch-ua-platform': '"Windows"',
  'user-agent': 'Mozilla/5.0 (Windows NT 10.0; Win64; x64) AppleWebKit/537.36 (KHTML, like Gecko) Chrome/136.0.0.0 Safari/537.36',
  'sec-ch-ua': '"Chromium";v="136", "Google Chrome";v="136", "Not.A/Brand";v="99"',
  'content-type': 'multipart/form-data; boundary=----WebKitFormBoundaryJlowi01IB7lm3WDm',
  'sec-ch-ua-mobile': '?0',
  accept: '*/*',
  origin: 'http://127.0.0.1:5500',
  'sec-fetch-site': 'cross-site',
  'sec-fetch-mode': 'cors',
  'sec-fetch-dest': 'empty',
  referer: 'http://127.0.0.1:5500/',
  'accept-encoding': 'gzip, deflate, br, zstd',
  'accept-language': 'en-GB,en;q=0.9,fr-FR;q=0.8,fr;q=0.7,en-US;q=0.6'
}
Texte extrait (début): 

Equilibres et dérèglements climatiques  
Météo vs Climat : 
• Météo :  La météo est l’état ou les conditions de 
l’atmosphère sur une courte période, généralement un jour 
ou deux. 
• Climat : Le cl
Taille du texte: 13144
Reçu: POST /api/process
Headers: {
  host: 'localhost:5000',
  connection: 'keep-alive',
  'content-length': '28834518',
  'sec-ch-ua-platform': '"Windows"',
  'user-agent': 'Mozilla/5.0 (Windows NT 10.0; Win64; x64) AppleWebKit/537.36 (KHTML, like Gecko) Chrome/136.0.0.0 Safari/537.36',
  'sec-ch-ua': '"Chromium";v="136", "Google Chrome";v="136", "Not.A/Brand";v="99"',
  'content-type': 'multipart/form-data; boundary=----WebKitFormBoundaryBRBFngQBQa3H5toT',
  'sec-ch-ua-mobile': '?0',
  accept: '*/*',
  origin: 'http://127.0.0.1:5500',
  'sec-fetch-site': 'cross-site',
  'sec-fetch-mode': 'cors',
  'sec-fetch-dest': 'empty',
  referer: 'http://127.0.0.1:5500/',
  'accept-encoding': 'gzip, deflate, br, zstd',
  'accept-language': 'en-GB,en;q=0.9,fr-FR;q=0.8,fr;q=0.7,en-US;q=0.6'
}
Reçu: POST /api/process
Headers: {
  host: 'localhost:5000',
  connection: 'keep-alive',
  'content-length': '137286',
  'sec-ch-ua-platform': '"Windows"',
  'user-agent': 'Mozilla/5.0 (Windows NT 10.0; Win64; x64) AppleWebKit/537.36 (KHTML, like Gecko) Chrome/136.0.0.0 Safari/537.36',
  'sec-ch-ua': '"Chromium";v="136", "Google Chrome";v="136", "Not.A/Brand";v="99"',
  'content-type': 'multipart/form-data; boundary=----WebKitFormBoundaryc5PFhH0qZlGkPd0d',
  'sec-ch-ua-mobile': '?0',
  accept: '*/*',
  origin: 'http://127.0.0.1:5500',
  'sec-fetch-site': 'cross-site',
  'sec-fetch-mode': 'cors',
  'sec-fetch-dest': 'empty',
  referer: 'http://127.0.0.1:5500/',
  'accept-encoding': 'gzip, deflate, br, zstd',
  'accept-language': 'en-GB,en;q=0.9,fr-FR;q=0.8,fr;q=0.7,en-US;q=0.6'
}
Texte extrait (début): 

Equilibres et dérèglements climatiques  
Météo vs Climat : 
• Météo :  La météo est l’état ou les conditions de 
l’atmosphère sur une courte période, généralement un jour 
ou deux. 
• Climat : Le cl
Taille du texte: 13144
Reçu: POST /api/process
Headers: {
  host: 'localhost:5000',
  connection: 'keep-alive',
  'content-length': '137286',
  'sec-ch-ua-platform': '"Windows"',
  'user-agent': 'Mozilla/5.0 (Windows NT 10.0; Win64; x64) AppleWebKit/537.36 (KHTML, like Gecko) Chrome/136.0.0.0 Safari/537.36',
  'sec-ch-ua': '"Chromium";v="136", "Google Chrome";v="136", "Not.A/Brand";v="99"',
  'content-type': 'multipart/form-data; boundary=----WebKitFormBoundaryuPAWKC1HAgI0BbiA',
  'sec-ch-ua-mobile': '?0',
  accept: '*/*',
  origin: 'http://127.0.0.1:5500',
  'sec-fetch-site': 'cross-site',
  'sec-fetch-mode': 'cors',
  'sec-fetch-dest': 'empty',
  referer: 'http://127.0.0.1:5500/',
  'accept-encoding': 'gzip, deflate, br, zstd',
  'accept-language': 'en-GB,en;q=0.9,fr-FR;q=0.8,fr;q=0.7,en-US;q=0.6'
}
Texte extrait (début): 

Equilibres et dérèglements climatiques  
Météo vs Climat : 
• Météo :  La météo est l’état ou les conditions de 
l’atmosphère sur une courte période, généralement un jour 
ou deux. 
• Climat : Le cl
Taille du texte: 13144
Reçu: POST /api/process
Headers: {
  host: 'localhost:5000',
  connection: 'keep-alive',
  'content-length': '137286',
  'sec-ch-ua-platform': '"Windows"',
  'user-agent': 'Mozilla/5.0 (Windows NT 10.0; Win64; x64) AppleWebKit/537.36 (KHTML, like Gecko) Chrome/136.0.0.0 Safari/537.36',
  'sec-ch-ua': '"Chromium";v="136", "Google Chrome";v="136", "Not.A/Brand";v="99"',
  'content-type': 'multipart/form-data; boundary=----WebKitFormBoundaryr01AEABsrxYVH1gU',
  'sec-ch-ua-mobile': '?0',
  accept: '*/*',
  origin: 'http://127.0.0.1:5500',
  'sec-fetch-site': 'cross-site',
  'sec-fetch-mode': 'cors',
  'sec-fetch-dest': 'empty',
  referer: 'http://127.0.0.1:5500/',
  'accept-encoding': 'gzip, deflate, br, zstd',
  'accept-language': 'en-GB,en;q=0.9,fr-FR;q=0.8,fr;q=0.7,en-US;q=0.6'
}
Texte extrait (début): 

Equilibres et dérèglements climatiques  
Météo vs Climat : 
• Météo :  La météo est l’état ou les conditions de 
l’atmosphère sur une courte période, généralement un jour 
ou deux. 
• Climat : Le cl
Taille du texte: 13144
Reçu: POST /api/process
Headers: {
  host: 'localhost:5000',
  connection: 'keep-alive',
  'content-length': '137286',
  'sec-ch-ua-platform': '"Windows"',
  'user-agent': 'Mozilla/5.0 (Windows NT 10.0; Win64; x64) AppleWebKit/537.36 (KHTML, like Gecko) Chrome/136.0.0.0 Safari/537.36',
  'sec-ch-ua': '"Chromium";v="136", "Google Chrome";v="136", "Not.A/Brand";v="99"',
  'content-type': 'multipart/form-data; boundary=----WebKitFormBoundaryYxnA0yRCYzTHBhVx',
  'sec-ch-ua-mobile': '?0',
  accept: '*/*',
  origin: 'http://127.0.0.1:5500',
  'sec-fetch-site': 'cross-site',
  'sec-fetch-mode': 'cors',
  'sec-fetch-dest': 'empty',
  referer: 'http://127.0.0.1:5500/',
  'accept-encoding': 'gzip, deflate, br, zstd',
  'accept-language': 'en-GB,en;q=0.9,fr-FR;q=0.8,fr;q=0.7,en-US;q=0.6'
}
Texte extrait (début): 

Equilibres et dérèglements climatiques  
Météo vs Climat : 
• Météo :  La météo est l’état ou les conditions de 
l’atmosphère sur une courte période, généralement un jour 
ou deux. 
• Climat : Le cl
Taille du texte: 13144
Reçu: POST /api/process
Headers: {
  host: 'localhost:5000',
  connection: 'keep-alive',
  'content-length': '137286',
  'sec-ch-ua-platform': '"Windows"',
  'user-agent': 'Mozilla/5.0 (Windows NT 10.0; Win64; x64) AppleWebKit/537.36 (KHTML, like Gecko) Chrome/136.0.0.0 Safari/537.36',
  'sec-ch-ua': '"Chromium";v="136", "Google Chrome";v="136", "Not.A/Brand";v="99"',
  'content-type': 'multipart/form-data; boundary=----WebKitFormBoundary2fdYCpcieFORAOLF',
  'sec-ch-ua-mobile': '?0',
  accept: '*/*',
  origin: 'http://127.0.0.1:5500',
  'sec-fetch-site': 'cross-site',
  'sec-fetch-mode': 'cors',
  'sec-fetch-dest': 'empty',
  referer: 'http://127.0.0.1:5500/',
  'accept-encoding': 'gzip, deflate, br, zstd',
  'accept-language': 'en-GB,en;q=0.9,fr-FR;q=0.8,fr;q=0.7,en-US;q=0.6'
}
Texte extrait (début): 

Equilibres et dérèglements climatiques  
Météo vs Climat : 
• Météo :  La météo est l’état ou les conditions de 
l’atmosphère sur une courte période, généralement un jour 
ou deux. 
• Climat : Le cl
Taille du texte: 13144
🚀 Backend running on port 5000
Reçu: POST /api/process
Headers: {
  host: 'localhost:5000',
  connection: 'keep-alive',
  'content-length': '31470',
  'sec-ch-ua-platform': '"Windows"',
  'user-agent': 'Mozilla/5.0 (Windows NT 10.0; Win64; x64) AppleWebKit/537.36 (KHTML, like Gecko) Chrome/136.0.0.0 Safari/537.36',
  'sec-ch-ua': '"Chromium";v="136", "Google Chrome";v="136", "Not.A/Brand";v="99"',
  'content-type': 'multipart/form-data; boundary=----WebKitFormBoundaryNtFI4A2YCQR4PgwA',
  'sec-ch-ua-mobile': '?0',
  accept: '*/*',
  origin: 'http://127.0.0.1:5500',
  'sec-fetch-site': 'cross-site',
  'sec-fetch-mode': 'cors',
  'sec-fetch-dest': 'empty',
  referer: 'http://127.0.0.1:5500/',
  'accept-encoding': 'gzip, deflate, br, zstd',
  'accept-language': 'en-GB,en;q=0.9,fr-FR;q=0.8,fr;q=0.7,en-US;q=0.6'
}
Texte extrait (début): 

 
 
Madame, Monsieur, 
 
Actuellement étudiant en première année de double licence à l’Université Paris Ouest 
Nanterre, j’ai l’honneur de vous présenter ma candidature pour le poste d'équipier 
pol
Taille du texte: 1905
Reçu: POST /api/process
Headers: {
  host: 'localhost:5000',
  connection: 'keep-alive',
  'content-length': '31470',
  'sec-ch-ua-platform': '"Windows"',
  'user-agent': 'Mozilla/5.0 (Windows NT 10.0; Win64; x64) AppleWebKit/537.36 (KHTML, like Gecko) Chrome/136.0.0.0 Safari/537.36',
  'sec-ch-ua': '"Chromium";v="136", "Google Chrome";v="136", "Not.A/Brand";v="99"',
  'content-type': 'multipart/form-data; boundary=----WebKitFormBoundaryawt5WLPGcT4BAbn2',
  'sec-ch-ua-mobile': '?0',
  accept: '*/*',
  origin: 'http://127.0.0.1:5500',
  'sec-fetch-site': 'cross-site',
  'sec-fetch-mode': 'cors',
  'sec-fetch-dest': 'empty',
  referer: 'http://127.0.0.1:5500/',
  'accept-encoding': 'gzip, deflate, br, zstd',
  'accept-language': 'en-GB,en;q=0.9,fr-FR;q=0.8,fr;q=0.7,en-US;q=0.6'
}
Texte extrait (début): 

 
 
Madame, Monsieur, 
 
Actuellement étudiant en première année de double licence à l’Université Paris Ouest 
Nanterre, j’ai l’honneur de vous présenter ma candidature pour le poste d'équipier 
pol
Taille du texte: 1905
Reçu: POST /api/process
Headers: {
  host: 'localhost:5000',
  connection: 'keep-alive',
  'content-length': '31470',
  'sec-ch-ua-platform': '"Windows"',
  'user-agent': 'Mozilla/5.0 (Windows NT 10.0; Win64; x64) AppleWebKit/537.36 (KHTML, like Gecko) Chrome/136.0.0.0 Safari/537.36',
  'sec-ch-ua': '"Chromium";v="136", "Google Chrome";v="136", "Not.A/Brand";v="99"',
  'content-type': 'multipart/form-data; boundary=----WebKitFormBoundaryUjdf8SA3ZmFmxStC',
  'sec-ch-ua-mobile': '?0',
  accept: '*/*',
  origin: 'http://127.0.0.1:5500',
  'sec-fetch-site': 'cross-site',
  'sec-fetch-mode': 'cors',
  'sec-fetch-dest': 'empty',
  referer: 'http://127.0.0.1:5500/',
  'accept-encoding': 'gzip, deflate, br, zstd',
  'accept-language': 'en-GB,en;q=0.9,fr-FR;q=0.8,fr;q=0.7,en-US;q=0.6'
}
Texte extrait (début): 

 
 
Madame, Monsieur, 
 
Actuellement étudiant en première année de double licence à l’Université Paris Ouest 
Nanterre, j’ai l’honneur de vous présenter ma candidature pour le poste d'équipier 
pol
Taille du texte: 1905
🚀 Backend running on port 5000
Reçu: POST /api/process
Headers: {
  host: 'localhost:5000',
  connection: 'keep-alive',
  'content-length': '31470',
  'sec-ch-ua-platform': '"Windows"',
  'user-agent': 'Mozilla/5.0 (Windows NT 10.0; Win64; x64) AppleWebKit/537.36 (KHTML, like Gecko) Chrome/136.0.0.0 Safari/537.36',
  'sec-ch-ua': '"Chromium";v="136", "Google Chrome";v="136", "Not.A/Brand";v="99"',
  'content-type': 'multipart/form-data; boundary=----WebKitFormBoundaryCmtjLhjNM1o7cvT2',
  'sec-ch-ua-mobile': '?0',
  accept: '*/*',
  origin: 'http://127.0.0.1:5500',
  'sec-fetch-site': 'cross-site',
  'sec-fetch-mode': 'cors',
  'sec-fetch-dest': 'empty',
  referer: 'http://127.0.0.1:5500/',
  'accept-encoding': 'gzip, deflate, br, zstd',
  'accept-language': 'en-GB,en;q=0.9,fr-FR;q=0.8,fr;q=0.7,en-US;q=0.6'
}
Texte extrait (début): 

 
 
Madame, Monsieur, 
 
Actuellement étudiant en première année de double licence à l’Université Paris Ouest 
Nanterre, j’ai l’honneur de vous présenter ma candidature pour le poste d'équipier 
pol
Taille du texte: 1905
🚀 Backend running on port 5000
Reçu: POST /api/process
Headers: {
  host: 'localhost:5000',
  connection: 'keep-alive',
  'content-length': '111430',
  'sec-ch-ua-platform': '"Windows"',
  'user-agent': 'Mozilla/5.0 (Windows NT 10.0; Win64; x64) AppleWebKit/537.36 (KHTML, like Gecko) Chrome/136.0.0.0 Safari/537.36',
  'sec-ch-ua': '"Chromium";v="136", "Google Chrome";v="136", "Not.A/Brand";v="99"',
  'content-type': 'multipart/form-data; boundary=----WebKitFormBoundaryWzrYjJUcMNr1VKc5',
  'sec-ch-ua-mobile': '?0',
  accept: '*/*',
  origin: 'http://127.0.0.1:5500',
  'sec-fetch-site': 'cross-site',
  'sec-fetch-mode': 'cors',
  'sec-fetch-dest': 'empty',
  referer: 'http://127.0.0.1:5500/',
  'accept-encoding': 'gzip, deflate, br, zstd',
  'accept-language': 'en-GB,en;q=0.9,fr-FR;q=0.8,fr;q=0.7,en-US;q=0.6'
}
Texte extrait (début): 

Chapitre 2 
Croissance économique démarre avec la révolution 
industriel-→ on mesure généralement :  PIB  
Phase d’expansion et de récession  
Néolithique : sédentarisation et développement des 
soc
Taille du texte: 7855
Reçu: POST /api/process
Headers: {
  host: 'localhost:5000',
  connection: 'keep-alive',
  'content-length': '111430',
  'sec-ch-ua-platform': '"Windows"',
  'user-agent': 'Mozilla/5.0 (Windows NT 10.0; Win64; x64) AppleWebKit/537.36 (KHTML, like Gecko) Chrome/136.0.0.0 Safari/537.36',
  'sec-ch-ua': '"Chromium";v="136", "Google Chrome";v="136", "Not.A/Brand";v="99"',
  'content-type': 'multipart/form-data; boundary=----WebKitFormBoundaryAfhZEWqwbmpcKfwB',
  'sec-ch-ua-mobile': '?0',
  accept: '*/*',
  origin: 'http://127.0.0.1:5500',
  'sec-fetch-site': 'cross-site',
  'sec-fetch-mode': 'cors',
  'sec-fetch-dest': 'empty',
  referer: 'http://127.0.0.1:5500/',
  'accept-encoding': 'gzip, deflate, br, zstd',
  'accept-language': 'en-GB,en;q=0.9,fr-FR;q=0.8,fr;q=0.7,en-US;q=0.6'
}
Texte extrait (début): 

Chapitre 2 
Croissance économique démarre avec la révolution 
industriel-→ on mesure généralement :  PIB  
Phase d’expansion et de récession  
Néolithique : sédentarisation et développement des 
soc
Taille du texte: 7855
Reçu: POST /api/process
Headers: {
  host: 'localhost:5000',
  connection: 'keep-alive',
  'content-length': '111430',
  'sec-ch-ua-platform': '"Windows"',
  'user-agent': 'Mozilla/5.0 (Windows NT 10.0; Win64; x64) AppleWebKit/537.36 (KHTML, like Gecko) Chrome/136.0.0.0 Safari/537.36',
  'sec-ch-ua': '"Chromium";v="136", "Google Chrome";v="136", "Not.A/Brand";v="99"',
  'content-type': 'multipart/form-data; boundary=----WebKitFormBoundarynTw0KrnYAY9l82qx',
  'sec-ch-ua-mobile': '?0',
  accept: '*/*',
  origin: 'http://127.0.0.1:5500',
  'sec-fetch-site': 'cross-site',
  'sec-fetch-mode': 'cors',
  'sec-fetch-dest': 'empty',
  referer: 'http://127.0.0.1:5500/',
  'accept-encoding': 'gzip, deflate, br, zstd',
  'accept-language': 'en-GB,en;q=0.9,fr-FR;q=0.8,fr;q=0.7,en-US;q=0.6'
}
Texte extrait (début): 

Chapitre 2 
Croissance économique démarre avec la révolution 
industriel-→ on mesure généralement :  PIB  
Phase d’expansion et de récession  
Néolithique : sédentarisation et développement des 
soc
Taille du texte: 7855
Reçu: POST /api/quiz
Headers: {
  host: 'localhost:5000',
  connection: 'keep-alive',
  'content-length': '2642',
  'sec-ch-ua-platform': '"Windows"',
  'user-agent': 'Mozilla/5.0 (Windows NT 10.0; Win64; x64) AppleWebKit/537.36 (KHTML, like Gecko) Chrome/136.0.0.0 Safari/537.36',
  'sec-ch-ua': '"Chromium";v="136", "Google Chrome";v="136", "Not.A/Brand";v="99"',
  'content-type': 'application/json',
  'sec-ch-ua-mobile': '?0',
  accept: '*/*',
  origin: 'http://127.0.0.1:5500',
  'sec-fetch-site': 'cross-site',
  'sec-fetch-mode': 'cors',
  'sec-fetch-dest': 'empty',
  referer: 'http://127.0.0.1:5500/',
  'accept-encoding': 'gzip, deflate, br, zstd',
  'accept-language': 'en-GB,en;q=0.9,fr-FR;q=0.8,fr;q=0.7,en-US;q=0.6'
}
Reçu: POST /api/process
Headers: {
  host: 'localhost:5000',
  connection: 'keep-alive',
  'content-length': '111430',
  'sec-ch-ua-platform': '"Windows"',
  'user-agent': 'Mozilla/5.0 (Windows NT 10.0; Win64; x64) AppleWebKit/537.36 (KHTML, like Gecko) Chrome/136.0.0.0 Safari/537.36',
  'sec-ch-ua': '"Chromium";v="136", "Google Chrome";v="136", "Not.A/Brand";v="99"',
  'content-type': 'multipart/form-data; boundary=----WebKitFormBoundaryR89NtI0TFR5X27X3',
  'sec-ch-ua-mobile': '?0',
  accept: '*/*',
  origin: 'http://127.0.0.1:5500',
  'sec-fetch-site': 'cross-site',
  'sec-fetch-mode': 'cors',
  'sec-fetch-dest': 'empty',
  referer: 'http://127.0.0.1:5500/',
  'accept-encoding': 'gzip, deflate, br, zstd',
  'accept-language': 'en-GB,en;q=0.9,fr-FR;q=0.8,fr;q=0.7,en-US;q=0.6'
}
Texte extrait (début): 

Chapitre 2 
Croissance économique démarre avec la révolution 
industriel-→ on mesure généralement :  PIB  
Phase d’expansion et de récession  
Néolithique : sédentarisation et développement des 
soc
Taille du texte: 7855
🚀 Backend running on port 5000
Reçu: POST /api/process
Headers: {
  host: 'localhost:5000',
  connection: 'keep-alive',
  'content-length': '829032',
  'sec-ch-ua-platform': '"Windows"',
  'user-agent': 'Mozilla/5.0 (Windows NT 10.0; Win64; x64) AppleWebKit/537.36 (KHTML, like Gecko) Chrome/136.0.0.0 Safari/537.36',
  'sec-ch-ua': '"Chromium";v="136", "Google Chrome";v="136", "Not.A/Brand";v="99"',
  'content-type': 'multipart/form-data; boundary=----WebKitFormBoundarygpBB8ZHzd7qGTlfD',
  'sec-ch-ua-mobile': '?0',
  accept: '*/*',
  origin: 'http://127.0.0.1:5500',
  'sec-fetch-site': 'cross-site',
  'sec-fetch-mode': 'cors',
  'sec-fetch-dest': 'empty',
  referer: 'http://127.0.0.1:5500/',
  'accept-encoding': 'gzip, deflate, br, zstd',
  'accept-language': 'en-GB,en;q=0.9,fr-FR;q=0.8,fr;q=0.7,en-US;q=0.6'
}
Warning: TT: undefined function: 32
Warning: TT: undefined function: 32
Texte extrait (début): 

ENTREPRISE ET SOCIÉTÉ
PARTIE 3
INITIATION À LA 
FINANCE
LICENCE1
AYANASREDDINE
AYA.NASREDDINE@PARISNANTERRE.FR
1

2
INTRODUCTION

L’organisation
Définition et types
Obligation commune pour 
les entr
Taille du texte: 10044
Reçu: POST /api/process
Headers: {
  host: 'localhost:5000',
  connection: 'keep-alive',
  'content-length': '829032',
  'sec-ch-ua-platform': '"Windows"',
  'user-agent': 'Mozilla/5.0 (Windows NT 10.0; Win64; x64) AppleWebKit/537.36 (KHTML, like Gecko) Chrome/136.0.0.0 Safari/537.36',
  'sec-ch-ua': '"Chromium";v="136", "Google Chrome";v="136", "Not.A/Brand";v="99"',
  'content-type': 'multipart/form-data; boundary=----WebKitFormBoundarydXOASRIKBffQwe5f',
  'sec-ch-ua-mobile': '?0',
  accept: '*/*',
  origin: 'http://127.0.0.1:5500',
  'sec-fetch-site': 'cross-site',
  'sec-fetch-mode': 'cors',
  'sec-fetch-dest': 'empty',
  referer: 'http://127.0.0.1:5500/',
  'accept-encoding': 'gzip, deflate, br, zstd',
  'accept-language': 'en-GB,en;q=0.9,fr-FR;q=0.8,fr;q=0.7,en-US;q=0.6'
}
Warning: TT: undefined function: 32
Warning: TT: undefined function: 32
Texte extrait (début): 

ENTREPRISE ET SOCIÉTÉ
PARTIE 3
INITIATION À LA 
FINANCE
LICENCE1
AYANASREDDINE
AYA.NASREDDINE@PARISNANTERRE.FR
1

2
INTRODUCTION

L’organisation
Définition et types
Obligation commune pour 
les entr
Taille du texte: 10044
Reçu: POST /api/process
Headers: {
  host: 'localhost:5000',
  connection: 'keep-alive',
  'content-length': '829032',
  'sec-ch-ua-platform': '"Windows"',
  'user-agent': 'Mozilla/5.0 (Windows NT 10.0; Win64; x64) AppleWebKit/537.36 (KHTML, like Gecko) Chrome/136.0.0.0 Safari/537.36',
  'sec-ch-ua': '"Chromium";v="136", "Google Chrome";v="136", "Not.A/Brand";v="99"',
  'content-type': 'multipart/form-data; boundary=----WebKitFormBoundaryqoTyVw3MQUbOOEus',
  'sec-ch-ua-mobile': '?0',
  accept: '*/*',
  origin: 'http://127.0.0.1:5500',
  'sec-fetch-site': 'cross-site',
  'sec-fetch-mode': 'cors',
  'sec-fetch-dest': 'empty',
  referer: 'http://127.0.0.1:5500/',
  'accept-encoding': 'gzip, deflate, br, zstd',
  'accept-language': 'en-GB,en;q=0.9,fr-FR;q=0.8,fr;q=0.7,en-US;q=0.6'
}
Warning: TT: undefined function: 32
Warning: TT: undefined function: 32
Texte extrait (début): 

ENTREPRISE ET SOCIÉTÉ
PARTIE 3
INITIATION À LA 
FINANCE
LICENCE1
AYANASREDDINE
AYA.NASREDDINE@PARISNANTERRE.FR
1

2
INTRODUCTION

L’organisation
Définition et types
Obligation commune pour 
les entr
Taille du texte: 10044
🚀 Backend running on port 5000
Reçu: POST /api/process
Headers: {
  host: 'localhost:5000',
  connection: 'keep-alive',
  'content-length': '829032',
  'sec-ch-ua-platform': '"Windows"',
  'user-agent': 'Mozilla/5.0 (Windows NT 10.0; Win64; x64) AppleWebKit/537.36 (KHTML, like Gecko) Chrome/136.0.0.0 Safari/537.36',
  'sec-ch-ua': '"Chromium";v="136", "Google Chrome";v="136", "Not.A/Brand";v="99"',
  'content-type': 'multipart/form-data; boundary=----WebKitFormBoundarycJg84laVOFHBIhaG',
  'sec-ch-ua-mobile': '?0',
  accept: '*/*',
  origin: 'http://127.0.0.1:5500',
  'sec-fetch-site': 'cross-site',
  'sec-fetch-mode': 'cors',
  'sec-fetch-dest': 'empty',
  referer: 'http://127.0.0.1:5500/',
  'accept-encoding': 'gzip, deflate, br, zstd',
  'accept-language': 'en-GB,en;q=0.9,fr-FR;q=0.8,fr;q=0.7,en-US;q=0.6'
}
Warning: TT: undefined function: 32
Warning: TT: undefined function: 32
Texte extrait (début): 

ENTREPRISE ET SOCIÉTÉ
PARTIE 3
INITIATION À LA 
FINANCE
LICENCE1
AYANASREDDINE
AYA.NASREDDINE@PARISNANTERRE.FR
1

2
INTRODUCTION

L’organisation
Définition et types
Obligation commune pour 
les entr
Taille du texte: 10044
Reçu: POST /api/process
Headers: {
  host: 'localhost:5000',
  connection: 'keep-alive',
  'content-length': '113971',
  'sec-ch-ua-platform': '"Windows"',
  'user-agent': 'Mozilla/5.0 (Windows NT 10.0; Win64; x64) AppleWebKit/537.36 (KHTML, like Gecko) Chrome/136.0.0.0 Safari/537.36',
  'sec-ch-ua': '"Chromium";v="136", "Google Chrome";v="136", "Not.A/Brand";v="99"',
  'content-type': 'multipart/form-data; boundary=----WebKitFormBoundaryBOwRk58hAqy4VV2c',
  'sec-ch-ua-mobile': '?0',
  accept: '*/*',
  origin: 'http://127.0.0.1:5500',
  'sec-fetch-site': 'cross-site',
  'sec-fetch-mode': 'cors',
  'sec-fetch-dest': 'empty',
  referer: 'http://127.0.0.1:5500/',
  'accept-encoding': 'gzip, deflate, br, zstd',
  'accept-language': 'en-GB,en;q=0.9,fr-FR;q=0.8,fr;q=0.7,en-US;q=0.6'
}
Texte extrait (début): 

Tableaux des dérivées
On rappelle les dérivées des fonctions usuelles ainsi que les formules générales de dérivation.
FonctionDomaine de dérivabilitéDérivée
ln(x)R
+,∗
1
x
e
x
Re
x
x
α
,α∈RR
+,∗
αx

Taille du texte: 3317
Reçu: POST /api/process
Headers: {
  host: 'localhost:5000',
  connection: 'keep-alive',
  'content-length': '111430',
  'sec-ch-ua-platform': '"Windows"',
  'user-agent': 'Mozilla/5.0 (Windows NT 10.0; Win64; x64) AppleWebKit/537.36 (KHTML, like Gecko) Chrome/136.0.0.0 Safari/537.36',
  'sec-ch-ua': '"Chromium";v="136", "Google Chrome";v="136", "Not.A/Brand";v="99"',
  'content-type': 'multipart/form-data; boundary=----WebKitFormBoundaryzNLFpFRH7OQlmNpx',
  'sec-ch-ua-mobile': '?0',
  accept: '*/*',
  origin: 'http://127.0.0.1:5500',
  'sec-fetch-site': 'cross-site',
  'sec-fetch-mode': 'cors',
  'sec-fetch-dest': 'empty',
  referer: 'http://127.0.0.1:5500/',
  'accept-encoding': 'gzip, deflate, br, zstd',
  'accept-language': 'en-GB,en;q=0.9,fr-FR;q=0.8,fr;q=0.7,en-US;q=0.6'
}
Texte extrait (début): 

Chapitre 2 
Croissance économique démarre avec la révolution 
industriel-→ on mesure généralement :  PIB  
Phase d’expansion et de récession  
Néolithique : sédentarisation et développement des 
soc
Taille du texte: 7855
Reçu: POST /api/summary
Headers: {
  host: 'localhost:5000',
  connection: 'keep-alive',
  'content-length': '111430',
  'sec-ch-ua-platform': '"Windows"',
  'user-agent': 'Mozilla/5.0 (Windows NT 10.0; Win64; x64) AppleWebKit/537.36 (KHTML, like Gecko) Chrome/136.0.0.0 Safari/537.36',
  'sec-ch-ua': '"Chromium";v="136", "Google Chrome";v="136", "Not.A/Brand";v="99"',
  'content-type': 'multipart/form-data; boundary=----WebKitFormBoundaryxTnthjaHBj6n1Mle',
  'sec-ch-ua-mobile': '?0',
  accept: '*/*',
  origin: 'http://127.0.0.1:5500',
  'sec-fetch-site': 'cross-site',
  'sec-fetch-mode': 'cors',
  'sec-fetch-dest': 'empty',
  referer: 'http://127.0.0.1:5500/',
  'accept-encoding': 'gzip, deflate, br, zstd',
  'accept-language': 'en-GB,en;q=0.9,fr-FR;q=0.8,fr;q=0.7,en-US;q=0.6'
}
Reçu: POST /api/summary
Headers: {
  host: 'localhost:5000',
  connection: 'keep-alive',
  'content-length': '111430',
  'sec-ch-ua-platform': '"Windows"',
  'user-agent': 'Mozilla/5.0 (Windows NT 10.0; Win64; x64) AppleWebKit/537.36 (KHTML, like Gecko) Chrome/136.0.0.0 Safari/537.36',
  'sec-ch-ua': '"Chromium";v="136", "Google Chrome";v="136", "Not.A/Brand";v="99"',
  'content-type': 'multipart/form-data; boundary=----WebKitFormBoundarycCOqB6rLkDBb8ul1',
  'sec-ch-ua-mobile': '?0',
  accept: '*/*',
  origin: 'http://127.0.0.1:5500',
  'sec-fetch-site': 'cross-site',
  'sec-fetch-mode': 'cors',
  'sec-fetch-dest': 'empty',
  referer: 'http://127.0.0.1:5500/',
  'accept-encoding': 'gzip, deflate, br, zstd',
  'accept-language': 'en-GB,en;q=0.9,fr-FR;q=0.8,fr;q=0.7,en-US;q=0.6'
}
Reçu: POST /api/quiz
Headers: {
  host: 'localhost:5000',
  connection: 'keep-alive',
  'content-length': '111430',
  'sec-ch-ua-platform': '"Windows"',
  'user-agent': 'Mozilla/5.0 (Windows NT 10.0; Win64; x64) AppleWebKit/537.36 (KHTML, like Gecko) Chrome/136.0.0.0 Safari/537.36',
  'sec-ch-ua': '"Chromium";v="136", "Google Chrome";v="136", "Not.A/Brand";v="99"',
  'content-type': 'multipart/form-data; boundary=----WebKitFormBoundarym7ygtzFUpO2iUhBz',
  'sec-ch-ua-mobile': '?0',
  accept: '*/*',
  origin: 'http://127.0.0.1:5500',
  'sec-fetch-site': 'cross-site',
  'sec-fetch-mode': 'cors',
  'sec-fetch-dest': 'empty',
  referer: 'http://127.0.0.1:5500/',
  'accept-encoding': 'gzip, deflate, br, zstd',
  'accept-language': 'en-GB,en;q=0.9,fr-FR;q=0.8,fr;q=0.7,en-US;q=0.6'
}
Reçu: POST /api/quiz
Headers: {
  host: 'localhost:5000',
  connection: 'keep-alive',
  'content-length': '111430',
  'sec-ch-ua-platform': '"Windows"',
  'user-agent': 'Mozilla/5.0 (Windows NT 10.0; Win64; x64) AppleWebKit/537.36 (KHTML, like Gecko) Chrome/136.0.0.0 Safari/537.36',
  'sec-ch-ua': '"Chromium";v="136", "Google Chrome";v="136", "Not.A/Brand";v="99"',
  'content-type': 'multipart/form-data; boundary=----WebKitFormBoundaryjUKaBDEtnqrxNAqq',
  'sec-ch-ua-mobile': '?0',
  accept: '*/*',
  origin: 'http://127.0.0.1:5500',
  'sec-fetch-site': 'cross-site',
  'sec-fetch-mode': 'cors',
  'sec-fetch-dest': 'empty',
  referer: 'http://127.0.0.1:5500/',
  'accept-encoding': 'gzip, deflate, br, zstd',
  'accept-language': 'en-GB,en;q=0.9,fr-FR;q=0.8,fr;q=0.7,en-US;q=0.6'
}
Reçu: POST /api/summary
Headers: {
  host: 'localhost:5000',
  connection: 'keep-alive',
  'content-length': '111430',
  'sec-ch-ua-platform': '"Windows"',
  'user-agent': 'Mozilla/5.0 (Windows NT 10.0; Win64; x64) AppleWebKit/537.36 (KHTML, like Gecko) Chrome/136.0.0.0 Safari/537.36',
  'sec-ch-ua': '"Chromium";v="136", "Google Chrome";v="136", "Not.A/Brand";v="99"',
  'content-type': 'multipart/form-data; boundary=----WebKitFormBoundaryFHiRqPA41Agnb4PW',
  'sec-ch-ua-mobile': '?0',
  accept: '*/*',
  origin: 'http://127.0.0.1:5500',
  'sec-fetch-site': 'cross-site',
  'sec-fetch-mode': 'cors',
  'sec-fetch-dest': 'empty',
  referer: 'http://127.0.0.1:5500/',
  'accept-encoding': 'gzip, deflate, br, zstd',
  'accept-language': 'en-GB,en;q=0.9,fr-FR;q=0.8,fr;q=0.7,en-US;q=0.6'
}
Reçu: POST /api/summary
Headers: {
  host: 'localhost:5000',
  connection: 'keep-alive',
  'content-length': '111430',
  'sec-ch-ua-platform': '"Windows"',
  'user-agent': 'Mozilla/5.0 (Windows NT 10.0; Win64; x64) AppleWebKit/537.36 (KHTML, like Gecko) Chrome/136.0.0.0 Safari/537.36',
  'sec-ch-ua': '"Chromium";v="136", "Google Chrome";v="136", "Not.A/Brand";v="99"',
  'content-type': 'multipart/form-data; boundary=----WebKitFormBoundaryYOpXpCwksDJzGetB',
  'sec-ch-ua-mobile': '?0',
  accept: '*/*',
  origin: 'http://127.0.0.1:5500',
  'sec-fetch-site': 'cross-site',
  'sec-fetch-mode': 'cors',
  'sec-fetch-dest': 'empty',
  referer: 'http://127.0.0.1:5500/',
  'accept-encoding': 'gzip, deflate, br, zstd',
  'accept-language': 'en-GB,en;q=0.9,fr-FR;q=0.8,fr;q=0.7,en-US;q=0.6'
}
Reçu: POST /api/quiz
Headers: {
  host: 'localhost:5000',
  connection: 'keep-alive',
  'content-length': '111430',
  'sec-ch-ua-platform': '"Windows"',
  'user-agent': 'Mozilla/5.0 (Windows NT 10.0; Win64; x64) AppleWebKit/537.36 (KHTML, like Gecko) Chrome/136.0.0.0 Safari/537.36',
  'sec-ch-ua': '"Chromium";v="136", "Google Chrome";v="136", "Not.A/Brand";v="99"',
  'content-type': 'multipart/form-data; boundary=----WebKitFormBoundaryqaAxaJVd7xDJZXjf',
  'sec-ch-ua-mobile': '?0',
  accept: '*/*',
  origin: 'http://127.0.0.1:5500',
  'sec-fetch-site': 'cross-site',
  'sec-fetch-mode': 'cors',
  'sec-fetch-dest': 'empty',
  referer: 'http://127.0.0.1:5500/',
  'accept-encoding': 'gzip, deflate, br, zstd',
  'accept-language': 'en-GB,en;q=0.9,fr-FR;q=0.8,fr;q=0.7,en-US;q=0.6'
}
Reçu: POST /api/summary
Headers: {
  host: 'localhost:5000',
  connection: 'keep-alive',
  'content-length': '111430',
  'sec-ch-ua-platform': '"Windows"',
  'user-agent': 'Mozilla/5.0 (Windows NT 10.0; Win64; x64) AppleWebKit/537.36 (KHTML, like Gecko) Chrome/136.0.0.0 Safari/537.36',
  'sec-ch-ua': '"Chromium";v="136", "Google Chrome";v="136", "Not.A/Brand";v="99"',
  'content-type': 'multipart/form-data; boundary=----WebKitFormBoundaryKG3KFgWk5pi3EmVH',
  'sec-ch-ua-mobile': '?0',
  accept: '*/*',
  origin: 'http://127.0.0.1:5500',
  'sec-fetch-site': 'cross-site',
  'sec-fetch-mode': 'cors',
  'sec-fetch-dest': 'empty',
  referer: 'http://127.0.0.1:5500/',
  'accept-encoding': 'gzip, deflate, br, zstd',
  'accept-language': 'en-GB,en;q=0.9,fr-FR;q=0.8,fr;q=0.7,en-US;q=0.6'
}
Reçu: POST /api/summary
Headers: {
  host: 'localhost:5000',
  connection: 'keep-alive',
  'content-length': '111430',
  'sec-ch-ua-platform': '"Windows"',
  'user-agent': 'Mozilla/5.0 (Windows NT 10.0; Win64; x64) AppleWebKit/537.36 (KHTML, like Gecko) Chrome/136.0.0.0 Safari/537.36',
  'sec-ch-ua': '"Chromium";v="136", "Google Chrome";v="136", "Not.A/Brand";v="99"',
  'content-type': 'multipart/form-data; boundary=----WebKitFormBoundarygeGnWvLCIi0guIra',
  'sec-ch-ua-mobile': '?0',
  accept: '*/*',
  origin: 'http://127.0.0.1:5500',
  'sec-fetch-site': 'cross-site',
  'sec-fetch-mode': 'cors',
  'sec-fetch-dest': 'empty',
  referer: 'http://127.0.0.1:5500/',
  'accept-encoding': 'gzip, deflate, br, zstd',
  'accept-language': 'en-GB,en;q=0.9,fr-FR;q=0.8,fr;q=0.7,en-US;q=0.6'
}
Reçu: POST /api/quiz
Headers: {
  host: 'localhost:5000',
  connection: 'keep-alive',
  'content-length': '111430',
  'sec-ch-ua-platform': '"Windows"',
  'user-agent': 'Mozilla/5.0 (Windows NT 10.0; Win64; x64) AppleWebKit/537.36 (KHTML, like Gecko) Chrome/136.0.0.0 Safari/537.36',
  'sec-ch-ua': '"Chromium";v="136", "Google Chrome";v="136", "Not.A/Brand";v="99"',
  'content-type': 'multipart/form-data; boundary=----WebKitFormBoundaryDmHu1U9A8BsvB9QJ',
  'sec-ch-ua-mobile': '?0',
  accept: '*/*',
  origin: 'http://127.0.0.1:5500',
  'sec-fetch-site': 'cross-site',
  'sec-fetch-mode': 'cors',
  'sec-fetch-dest': 'empty',
  referer: 'http://127.0.0.1:5500/',
  'accept-encoding': 'gzip, deflate, br, zstd',
  'accept-language': 'en-GB,en;q=0.9,fr-FR;q=0.8,fr;q=0.7,en-US;q=0.6'
}
Reçu: POST /api/quiz
Headers: {
  host: 'localhost:5000',
  connection: 'keep-alive',
  'content-length': '111430',
  'sec-ch-ua-platform': '"Windows"',
  'user-agent': 'Mozilla/5.0 (Windows NT 10.0; Win64; x64) AppleWebKit/537.36 (KHTML, like Gecko) Chrome/136.0.0.0 Safari/537.36',
  'sec-ch-ua': '"Chromium";v="136", "Google Chrome";v="136", "Not.A/Brand";v="99"',
  'content-type': 'multipart/form-data; boundary=----WebKitFormBoundaryLFuatduUij8DxZ8H',
  'sec-ch-ua-mobile': '?0',
  accept: '*/*',
  origin: 'http://127.0.0.1:5500',
  'sec-fetch-site': 'cross-site',
  'sec-fetch-mode': 'cors',
  'sec-fetch-dest': 'empty',
  referer: 'http://127.0.0.1:5500/',
  'accept-encoding': 'gzip, deflate, br, zstd',
  'accept-language': 'en-GB,en;q=0.9,fr-FR;q=0.8,fr;q=0.7,en-US;q=0.6'
}
Reçu: POST /api/quiz
Headers: {
  host: 'localhost:5000',
  connection: 'keep-alive',
  'content-length': '111430',
  'sec-ch-ua-platform': '"Windows"',
  'user-agent': 'Mozilla/5.0 (Windows NT 10.0; Win64; x64) AppleWebKit/537.36 (KHTML, like Gecko) Chrome/136.0.0.0 Safari/537.36',
  'sec-ch-ua': '"Chromium";v="136", "Google Chrome";v="136", "Not.A/Brand";v="99"',
  'content-type': 'multipart/form-data; boundary=----WebKitFormBoundaryXd4fGPmQ6atAbXpK',
  'sec-ch-ua-mobile': '?0',
  accept: '*/*',
  origin: 'http://127.0.0.1:5500',
  'sec-fetch-site': 'cross-site',
  'sec-fetch-mode': 'cors',
  'sec-fetch-dest': 'empty',
  referer: 'http://127.0.0.1:5500/',
  'accept-encoding': 'gzip, deflate, br, zstd',
  'accept-language': 'en-GB,en;q=0.9,fr-FR;q=0.8,fr;q=0.7,en-US;q=0.6'
}
Reçu: POST /api/quiz
Headers: {
  host: 'localhost:5000',
  connection: 'keep-alive',
  'content-length': '111430',
  'sec-ch-ua-platform': '"Windows"',
  'user-agent': 'Mozilla/5.0 (Windows NT 10.0; Win64; x64) AppleWebKit/537.36 (KHTML, like Gecko) Chrome/136.0.0.0 Safari/537.36',
  'sec-ch-ua': '"Chromium";v="136", "Google Chrome";v="136", "Not.A/Brand";v="99"',
  'content-type': 'multipart/form-data; boundary=----WebKitFormBoundarye5X2epVZ06uupbxG',
  'sec-ch-ua-mobile': '?0',
  accept: '*/*',
  origin: 'http://127.0.0.1:5500',
  'sec-fetch-site': 'cross-site',
  'sec-fetch-mode': 'cors',
  'sec-fetch-dest': 'empty',
  referer: 'http://127.0.0.1:5500/',
  'accept-encoding': 'gzip, deflate, br, zstd',
  'accept-language': 'en-GB,en;q=0.9,fr-FR;q=0.8,fr;q=0.7,en-US;q=0.6'
}
Reçu: POST /api/quiz
Headers: {
  host: 'localhost:5000',
  connection: 'keep-alive',
  'content-length': '111430',
  'sec-ch-ua-platform': '"Windows"',
  'user-agent': 'Mozilla/5.0 (Windows NT 10.0; Win64; x64) AppleWebKit/537.36 (KHTML, like Gecko) Chrome/136.0.0.0 Safari/537.36',
  'sec-ch-ua': '"Chromium";v="136", "Google Chrome";v="136", "Not.A/Brand";v="99"',
  'content-type': 'multipart/form-data; boundary=----WebKitFormBoundaryNVQEPvAOXl270iBc',
  'sec-ch-ua-mobile': '?0',
  accept: '*/*',
  origin: 'http://127.0.0.1:5500',
  'sec-fetch-site': 'cross-site',
  'sec-fetch-mode': 'cors',
  'sec-fetch-dest': 'empty',
  referer: 'http://127.0.0.1:5500/',
  'accept-encoding': 'gzip, deflate, br, zstd',
  'accept-language': 'en-GB,en;q=0.9,fr-FR;q=0.8,fr;q=0.7,en-US;q=0.6'
}
🚀 Backend running on port 5000
Reçu: POST /api/summary
Headers: {
  host: 'localhost:5000',
  connection: 'keep-alive',
  'content-length': '532367',
  'sec-ch-ua-platform': '"Windows"',
  'user-agent': 'Mozilla/5.0 (Windows NT 10.0; Win64; x64) AppleWebKit/537.36 (KHTML, like Gecko) Chrome/136.0.0.0 Safari/537.36',
  'sec-ch-ua': '"Chromium";v="136", "Google Chrome";v="136", "Not.A/Brand";v="99"',
  'content-type': 'multipart/form-data; boundary=----WebKitFormBoundaryPXfoAtmA5xsl2K5p',
  'sec-ch-ua-mobile': '?0',
  accept: '*/*',
  origin: 'http://127.0.0.1:5500',
  'sec-fetch-site': 'cross-site',
  'sec-fetch-mode': 'cors',
  'sec-fetch-dest': 'empty',
  referer: 'http://127.0.0.1:5500/',
  'accept-encoding': 'gzip, deflate, br, zstd',
  'accept-language': 'en-GB,en;q=0.9,fr-FR;q=0.8,fr;q=0.7,en-US;q=0.6'
}
Texte extrait (début): 

  
1. Les préférences du consommateur 
La    théorie    de    l’utilité    ordinale    s’intéresse    aux    préférences    du    
consommateur.  Dans  une  économie  où  il  y  a  n biens,  celui-c
Taille du texte: 14424
Reçu: POST /api/quiz
Headers: {
  host: 'localhost:5000',
  connection: 'keep-alive',
  'content-length': '532367',
  'sec-ch-ua-platform': '"Windows"',
  'user-agent': 'Mozilla/5.0 (Windows NT 10.0; Win64; x64) AppleWebKit/537.36 (KHTML, like Gecko) Chrome/136.0.0.0 Safari/537.36',
  'sec-ch-ua': '"Chromium";v="136", "Google Chrome";v="136", "Not.A/Brand";v="99"',
  'content-type': 'multipart/form-data; boundary=----WebKitFormBoundaryoliRLi5mUyLBDiMd',
  'sec-ch-ua-mobile': '?0',
  accept: '*/*',
  origin: 'http://127.0.0.1:5500',
  'sec-fetch-site': 'cross-site',
  'sec-fetch-mode': 'cors',
  'sec-fetch-dest': 'empty',
  referer: 'http://127.0.0.1:5500/',
  'accept-encoding': 'gzip, deflate, br, zstd',
  'accept-language': 'en-GB,en;q=0.9,fr-FR;q=0.8,fr;q=0.7,en-US;q=0.6'
}
Texte extrait (début): 

  
1. Les préférences du consommateur 
La    théorie    de    l’utilité    ordinale    s’intéresse    aux    préférences    du    
consommateur.  Dans  une  économie  où  il  y  a  n biens,  celui-c
Taille du texte: 14424
Reçu: POST /api/quiz
Headers: {
  host: 'localhost:5000',
  connection: 'keep-alive',
  'content-length': '532367',
  'sec-ch-ua-platform': '"Windows"',
  'user-agent': 'Mozilla/5.0 (Windows NT 10.0; Win64; x64) AppleWebKit/537.36 (KHTML, like Gecko) Chrome/136.0.0.0 Safari/537.36',
  'sec-ch-ua': '"Chromium";v="136", "Google Chrome";v="136", "Not.A/Brand";v="99"',
  'content-type': 'multipart/form-data; boundary=----WebKitFormBoundaryo6NE7unAjTRoHKbI',
  'sec-ch-ua-mobile': '?0',
  accept: '*/*',
  origin: 'http://127.0.0.1:5500',
  'sec-fetch-site': 'cross-site',
  'sec-fetch-mode': 'cors',
  'sec-fetch-dest': 'empty',
  referer: 'http://127.0.0.1:5500/',
  'accept-encoding': 'gzip, deflate, br, zstd',
  'accept-language': 'en-GB,en;q=0.9,fr-FR;q=0.8,fr;q=0.7,en-US;q=0.6'
}
Texte extrait (début): 

  
1. Les préférences du consommateur 
La    théorie    de    l’utilité    ordinale    s’intéresse    aux    préférences    du    
consommateur.  Dans  une  économie  où  il  y  a  n biens,  celui-c
Taille du texte: 14424
Reçu: POST /api/quiz
Headers: {
  host: 'localhost:5000',
  connection: 'keep-alive',
  'content-length': '532367',
  'sec-ch-ua-platform': '"Windows"',
  'user-agent': 'Mozilla/5.0 (Windows NT 10.0; Win64; x64) AppleWebKit/537.36 (KHTML, like Gecko) Chrome/136.0.0.0 Safari/537.36',
  'sec-ch-ua': '"Chromium";v="136", "Google Chrome";v="136", "Not.A/Brand";v="99"',
  'content-type': 'multipart/form-data; boundary=----WebKitFormBoundarypWenVHTw6AaDEAgA',
  'sec-ch-ua-mobile': '?0',
  accept: '*/*',
  origin: 'http://127.0.0.1:5500',
  'sec-fetch-site': 'cross-site',
  'sec-fetch-mode': 'cors',
  'sec-fetch-dest': 'empty',
  referer: 'http://127.0.0.1:5500/',
  'accept-encoding': 'gzip, deflate, br, zstd',
  'accept-language': 'en-GB,en;q=0.9,fr-FR;q=0.8,fr;q=0.7,en-US;q=0.6'
}
Texte extrait (début): 

  
1. Les préférences du consommateur 
La    théorie    de    l’utilité    ordinale    s’intéresse    aux    préférences    du    
consommateur.  Dans  une  économie  où  il  y  a  n biens,  celui-c
Taille du texte: 14424
Reçu: POST /api/quiz
Headers: {
  host: 'localhost:5000',
  connection: 'keep-alive',
  'content-length': '532367',
  'sec-ch-ua-platform': '"Windows"',
  'user-agent': 'Mozilla/5.0 (Windows NT 10.0; Win64; x64) AppleWebKit/537.36 (KHTML, like Gecko) Chrome/136.0.0.0 Safari/537.36',
  'sec-ch-ua': '"Chromium";v="136", "Google Chrome";v="136", "Not.A/Brand";v="99"',
  'content-type': 'multipart/form-data; boundary=----WebKitFormBoundary0OYAXAt5A0u2cl6a',
  'sec-ch-ua-mobile': '?0',
  accept: '*/*',
  origin: 'http://127.0.0.1:5500',
  'sec-fetch-site': 'cross-site',
  'sec-fetch-mode': 'cors',
  'sec-fetch-dest': 'empty',
  referer: 'http://127.0.0.1:5500/',
  'accept-encoding': 'gzip, deflate, br, zstd',
  'accept-language': 'en-GB,en;q=0.9,fr-FR;q=0.8,fr;q=0.7,en-US;q=0.6'
}
Texte extrait (début): 

  
1. Les préférences du consommateur 
La    théorie    de    l’utilité    ordinale    s’intéresse    aux    préférences    du    
consommateur.  Dans  une  économie  où  il  y  a  n biens,  celui-c
Taille du texte: 14424
Reçu: POST /api/quiz
Headers: {
  host: 'localhost:5000',
  connection: 'keep-alive',
  'content-length': '532367',
  'sec-ch-ua-platform': '"Windows"',
  'user-agent': 'Mozilla/5.0 (Windows NT 10.0; Win64; x64) AppleWebKit/537.36 (KHTML, like Gecko) Chrome/136.0.0.0 Safari/537.36',
  'sec-ch-ua': '"Chromium";v="136", "Google Chrome";v="136", "Not.A/Brand";v="99"',
  'content-type': 'multipart/form-data; boundary=----WebKitFormBoundarypiB5GUBJL0xh6RgU',
  'sec-ch-ua-mobile': '?0',
  accept: '*/*',
  origin: 'http://127.0.0.1:5500',
  'sec-fetch-site': 'cross-site',
  'sec-fetch-mode': 'cors',
  'sec-fetch-dest': 'empty',
  referer: 'http://127.0.0.1:5500/',
  'accept-encoding': 'gzip, deflate, br, zstd',
  'accept-language': 'en-GB,en;q=0.9,fr-FR;q=0.8,fr;q=0.7,en-US;q=0.6'
}
Texte extrait (début): 

  
1. Les préférences du consommateur 
La    théorie    de    l’utilité    ordinale    s’intéresse    aux    préférences    du    
consommateur.  Dans  une  économie  où  il  y  a  n biens,  celui-c
Taille du texte: 14424
Reçu: POST /api/quiz
Headers: {
  host: 'localhost:5000',
  connection: 'keep-alive',
  'content-length': '532367',
  'sec-ch-ua-platform': '"Windows"',
  'user-agent': 'Mozilla/5.0 (Windows NT 10.0; Win64; x64) AppleWebKit/537.36 (KHTML, like Gecko) Chrome/136.0.0.0 Safari/537.36',
  'sec-ch-ua': '"Chromium";v="136", "Google Chrome";v="136", "Not.A/Brand";v="99"',
  'content-type': 'multipart/form-data; boundary=----WebKitFormBoundaryAOyk2Qt71wwNftNr',
  'sec-ch-ua-mobile': '?0',
  accept: '*/*',
  origin: 'http://127.0.0.1:5500',
  'sec-fetch-site': 'cross-site',
  'sec-fetch-mode': 'cors',
  'sec-fetch-dest': 'empty',
  referer: 'http://127.0.0.1:5500/',
  'accept-encoding': 'gzip, deflate, br, zstd',
  'accept-language': 'en-GB,en;q=0.9,fr-FR;q=0.8,fr;q=0.7,en-US;q=0.6'
}
Texte extrait (début): 

  
1. Les préférences du consommateur 
La    théorie    de    l’utilité    ordinale    s’intéresse    aux    préférences    du    
consommateur.  Dans  une  économie  où  il  y  a  n biens,  celui-c
Taille du texte: 14424
Reçu: POST /api/quiz
Headers: {
  host: 'localhost:5000',
  connection: 'keep-alive',
  'content-length': '532367',
  'sec-ch-ua-platform': '"Windows"',
  'user-agent': 'Mozilla/5.0 (Windows NT 10.0; Win64; x64) AppleWebKit/537.36 (KHTML, like Gecko) Chrome/136.0.0.0 Safari/537.36',
  'sec-ch-ua': '"Chromium";v="136", "Google Chrome";v="136", "Not.A/Brand";v="99"',
  'content-type': 'multipart/form-data; boundary=----WebKitFormBoundary82jyIIP8HprB10Uq',
  'sec-ch-ua-mobile': '?0',
  accept: '*/*',
  origin: 'http://127.0.0.1:5500',
  'sec-fetch-site': 'cross-site',
  'sec-fetch-mode': 'cors',
  'sec-fetch-dest': 'empty',
  referer: 'http://127.0.0.1:5500/',
  'accept-encoding': 'gzip, deflate, br, zstd',
  'accept-language': 'en-GB,en;q=0.9,fr-FR;q=0.8,fr;q=0.7,en-US;q=0.6'
}
Texte extrait (début): 

  
1. Les préférences du consommateur 
La    théorie    de    l’utilité    ordinale    s’intéresse    aux    préférences    du    
consommateur.  Dans  une  économie  où  il  y  a  n biens,  celui-c
Taille du texte: 14424
Reçu: POST /api/quiz
Headers: {
  host: 'localhost:5000',
  connection: 'keep-alive',
  'content-length': '532367',
  'sec-ch-ua-platform': '"Windows"',
  'user-agent': 'Mozilla/5.0 (Windows NT 10.0; Win64; x64) AppleWebKit/537.36 (KHTML, like Gecko) Chrome/136.0.0.0 Safari/537.36',
  'sec-ch-ua': '"Chromium";v="136", "Google Chrome";v="136", "Not.A/Brand";v="99"',
  'content-type': 'multipart/form-data; boundary=----WebKitFormBoundaryWOD4Ys9RW8PMr18m',
  'sec-ch-ua-mobile': '?0',
  accept: '*/*',
  origin: 'http://127.0.0.1:5500',
  'sec-fetch-site': 'cross-site',
  'sec-fetch-mode': 'cors',
  'sec-fetch-dest': 'empty',
  referer: 'http://127.0.0.1:5500/',
  'accept-encoding': 'gzip, deflate, br, zstd',
  'accept-language': 'en-GB,en;q=0.9,fr-FR;q=0.8,fr;q=0.7,en-US;q=0.6'
}
Texte extrait (début): 

  
1. Les préférences du consommateur 
La    théorie    de    l’utilité    ordinale    s’intéresse    aux    préférences    du    
consommateur.  Dans  une  économie  où  il  y  a  n biens,  celui-c
Taille du texte: 14424
Reçu: POST /api/quiz
Headers: {
  host: 'localhost:5000',
  connection: 'keep-alive',
  'content-length': '532367',
  'sec-ch-ua-platform': '"Windows"',
  'user-agent': 'Mozilla/5.0 (Windows NT 10.0; Win64; x64) AppleWebKit/537.36 (KHTML, like Gecko) Chrome/136.0.0.0 Safari/537.36',
  'sec-ch-ua': '"Chromium";v="136", "Google Chrome";v="136", "Not.A/Brand";v="99"',
  'content-type': 'multipart/form-data; boundary=----WebKitFormBoundarybk0u5tDM0ithdpqb',
  'sec-ch-ua-mobile': '?0',
  accept: '*/*',
  origin: 'http://127.0.0.1:5500',
  'sec-fetch-site': 'cross-site',
  'sec-fetch-mode': 'cors',
  'sec-fetch-dest': 'empty',
  referer: 'http://127.0.0.1:5500/',
  'accept-encoding': 'gzip, deflate, br, zstd',
  'accept-language': 'en-GB,en;q=0.9,fr-FR;q=0.8,fr;q=0.7,en-US;q=0.6'
}
Texte extrait (début): 

  
1. Les préférences du consommateur 
La    théorie    de    l’utilité    ordinale    s’intéresse    aux    préférences    du    
consommateur.  Dans  une  économie  où  il  y  a  n biens,  celui-c
Taille du texte: 14424
Reçu: POST /api/quiz
Headers: {
  host: 'localhost:5000',
  connection: 'keep-alive',
  'content-length': '532367',
  'sec-ch-ua-platform': '"Windows"',
  'user-agent': 'Mozilla/5.0 (Windows NT 10.0; Win64; x64) AppleWebKit/537.36 (KHTML, like Gecko) Chrome/136.0.0.0 Safari/537.36',
  'sec-ch-ua': '"Chromium";v="136", "Google Chrome";v="136", "Not.A/Brand";v="99"',
  'content-type': 'multipart/form-data; boundary=----WebKitFormBoundaryya3bTdK6yWtBrEeE',
  'sec-ch-ua-mobile': '?0',
  accept: '*/*',
  origin: 'http://127.0.0.1:5500',
  'sec-fetch-site': 'cross-site',
  'sec-fetch-mode': 'cors',
  'sec-fetch-dest': 'empty',
  referer: 'http://127.0.0.1:5500/',
  'accept-encoding': 'gzip, deflate, br, zstd',
  'accept-language': 'en-GB,en;q=0.9,fr-FR;q=0.8,fr;q=0.7,en-US;q=0.6'
}
Texte extrait (début): 

  
1. Les préférences du consommateur 
La    théorie    de    l’utilité    ordinale    s’intéresse    aux    préférences    du    
consommateur.  Dans  une  économie  où  il  y  a  n biens,  celui-c
Taille du texte: 14424
Reçu: POST /api/summary
Headers: {
  host: 'localhost:5000',
  connection: 'keep-alive',
  'content-length': '532367',
  'sec-ch-ua-platform': '"Windows"',
  'user-agent': 'Mozilla/5.0 (Windows NT 10.0; Win64; x64) AppleWebKit/537.36 (KHTML, like Gecko) Chrome/136.0.0.0 Safari/537.36',
  'sec-ch-ua': '"Chromium";v="136", "Google Chrome";v="136", "Not.A/Brand";v="99"',
  'content-type': 'multipart/form-data; boundary=----WebKitFormBoundary5qzltdAZgpTTy1Kd',
  'sec-ch-ua-mobile': '?0',
  accept: '*/*',
  origin: 'http://127.0.0.1:5500',
  'sec-fetch-site': 'cross-site',
  'sec-fetch-mode': 'cors',
  'sec-fetch-dest': 'empty',
  referer: 'http://127.0.0.1:5500/',
  'accept-encoding': 'gzip, deflate, br, zstd',
  'accept-language': 'en-GB,en;q=0.9,fr-FR;q=0.8,fr;q=0.7,en-US;q=0.6'
}
Texte extrait (début): 

  
1. Les préférences du consommateur 
La    théorie    de    l’utilité    ordinale    s’intéresse    aux    préférences    du    
consommateur.  Dans  une  économie  où  il  y  a  n biens,  celui-c
Taille du texte: 14424
Reçu: POST /api/summary
Headers: {
  host: 'localhost:5000',
  connection: 'keep-alive',
  'content-length': '532367',
  'sec-ch-ua-platform': '"Windows"',
  'user-agent': 'Mozilla/5.0 (Windows NT 10.0; Win64; x64) AppleWebKit/537.36 (KHTML, like Gecko) Chrome/136.0.0.0 Safari/537.36',
  'sec-ch-ua': '"Chromium";v="136", "Google Chrome";v="136", "Not.A/Brand";v="99"',
  'content-type': 'multipart/form-data; boundary=----WebKitFormBoundaryRvWjbgW14fAdukvn',
  'sec-ch-ua-mobile': '?0',
  accept: '*/*',
  origin: 'http://127.0.0.1:5500',
  'sec-fetch-site': 'cross-site',
  'sec-fetch-mode': 'cors',
  'sec-fetch-dest': 'empty',
  referer: 'http://127.0.0.1:5500/',
  'accept-encoding': 'gzip, deflate, br, zstd',
  'accept-language': 'en-GB,en;q=0.9,fr-FR;q=0.8,fr;q=0.7,en-US;q=0.6'
}
Texte extrait (début): 

  
1. Les préférences du consommateur 
La    théorie    de    l’utilité    ordinale    s’intéresse    aux    préférences    du    
consommateur.  Dans  une  économie  où  il  y  a  n biens,  celui-c
Taille du texte: 14424
Reçu: POST /api/summary
Headers: {
  host: 'localhost:5000',
  connection: 'keep-alive',
  'content-length': '532367',
  'sec-ch-ua-platform': '"Windows"',
  'user-agent': 'Mozilla/5.0 (Windows NT 10.0; Win64; x64) AppleWebKit/537.36 (KHTML, like Gecko) Chrome/136.0.0.0 Safari/537.36',
  'sec-ch-ua': '"Chromium";v="136", "Google Chrome";v="136", "Not.A/Brand";v="99"',
  'content-type': 'multipart/form-data; boundary=----WebKitFormBoundaryBr0s7D1bcMYfFG0A',
  'sec-ch-ua-mobile': '?0',
  accept: '*/*',
  origin: 'http://127.0.0.1:5500',
  'sec-fetch-site': 'cross-site',
  'sec-fetch-mode': 'cors',
  'sec-fetch-dest': 'empty',
  referer: 'http://127.0.0.1:5500/',
  'accept-encoding': 'gzip, deflate, br, zstd',
  'accept-language': 'en-GB,en;q=0.9,fr-FR;q=0.8,fr;q=0.7,en-US;q=0.6'
}
Texte extrait (début): 

  
1. Les préférences du consommateur 
La    théorie    de    l’utilité    ordinale    s’intéresse    aux    préférences    du    
consommateur.  Dans  une  économie  où  il  y  a  n biens,  celui-c
Taille du texte: 14424
Reçu: POST /api/quiz
Headers: {
  host: 'localhost:5000',
  connection: 'keep-alive',
  'content-length': '532367',
  'sec-ch-ua-platform': '"Windows"',
  'user-agent': 'Mozilla/5.0 (Windows NT 10.0; Win64; x64) AppleWebKit/537.36 (KHTML, like Gecko) Chrome/136.0.0.0 Safari/537.36',
  'sec-ch-ua': '"Chromium";v="136", "Google Chrome";v="136", "Not.A/Brand";v="99"',
  'content-type': 'multipart/form-data; boundary=----WebKitFormBoundaryzkOFPIuwtvuLliA7',
  'sec-ch-ua-mobile': '?0',
  accept: '*/*',
  origin: 'http://127.0.0.1:5500',
  'sec-fetch-site': 'cross-site',
  'sec-fetch-mode': 'cors',
  'sec-fetch-dest': 'empty',
  referer: 'http://127.0.0.1:5500/',
  'accept-encoding': 'gzip, deflate, br, zstd',
  'accept-language': 'en-GB,en;q=0.9,fr-FR;q=0.8,fr;q=0.7,en-US;q=0.6'
}
Texte extrait (début): 

  
1. Les préférences du consommateur 
La    théorie    de    l’utilité    ordinale    s’intéresse    aux    préférences    du    
consommateur.  Dans  une  économie  où  il  y  a  n biens,  celui-c
Taille du texte: 14424
Reçu: POST /api/summary
Headers: {
  host: 'localhost:5000',
  connection: 'keep-alive',
  'content-length': '532367',
  'sec-ch-ua-platform': '"Windows"',
  'user-agent': 'Mozilla/5.0 (Windows NT 10.0; Win64; x64) AppleWebKit/537.36 (KHTML, like Gecko) Chrome/136.0.0.0 Safari/537.36',
  'sec-ch-ua': '"Chromium";v="136", "Google Chrome";v="136", "Not.A/Brand";v="99"',
  'content-type': 'multipart/form-data; boundary=----WebKitFormBoundaryOmpPCbYQ5IJRU8u4',
  'sec-ch-ua-mobile': '?0',
  accept: '*/*',
  origin: 'http://127.0.0.1:5500',
  'sec-fetch-site': 'cross-site',
  'sec-fetch-mode': 'cors',
  'sec-fetch-dest': 'empty',
  referer: 'http://127.0.0.1:5500/',
  'accept-encoding': 'gzip, deflate, br, zstd',
  'accept-language': 'en-GB,en;q=0.9,fr-FR;q=0.8,fr;q=0.7,en-US;q=0.6'
}
Texte extrait (début): 

  
1. Les préférences du consommateur 
La    théorie    de    l’utilité    ordinale    s’intéresse    aux    préférences    du    
consommateur.  Dans  une  économie  où  il  y  a  n biens,  celui-c
Taille du texte: 14424
Reçu: POST /api/summary
Headers: {
  host: 'localhost:5000',
  connection: 'keep-alive',
  'content-length': '532367',
  'sec-ch-ua-platform': '"Windows"',
  'user-agent': 'Mozilla/5.0 (Windows NT 10.0; Win64; x64) AppleWebKit/537.36 (KHTML, like Gecko) Chrome/136.0.0.0 Safari/537.36',
  'sec-ch-ua': '"Chromium";v="136", "Google Chrome";v="136", "Not.A/Brand";v="99"',
  'content-type': 'multipart/form-data; boundary=----WebKitFormBoundaryG0YkHBHaEmUwjJeB',
  'sec-ch-ua-mobile': '?0',
  accept: '*/*',
  origin: 'http://127.0.0.1:5500',
  'sec-fetch-site': 'cross-site',
  'sec-fetch-mode': 'cors',
  'sec-fetch-dest': 'empty',
  referer: 'http://127.0.0.1:5500/',
  'accept-encoding': 'gzip, deflate, br, zstd',
  'accept-language': 'en-GB,en;q=0.9,fr-FR;q=0.8,fr;q=0.7,en-US;q=0.6'
}
Texte extrait (début): 

  
1. Les préférences du consommateur 
La    théorie    de    l’utilité    ordinale    s’intéresse    aux    préférences    du    
consommateur.  Dans  une  économie  où  il  y  a  n biens,  celui-c
Taille du texte: 14424
Reçu: POST /api/summary
Headers: {
  host: 'localhost:5000',
  connection: 'keep-alive',
  'content-length': '532367',
  'sec-ch-ua-platform': '"Windows"',
  'user-agent': 'Mozilla/5.0 (Windows NT 10.0; Win64; x64) AppleWebKit/537.36 (KHTML, like Gecko) Chrome/136.0.0.0 Safari/537.36',
  'sec-ch-ua': '"Chromium";v="136", "Google Chrome";v="136", "Not.A/Brand";v="99"',
  'content-type': 'multipart/form-data; boundary=----WebKitFormBoundary3GAoGBFXaWwPDqiW',
  'sec-ch-ua-mobile': '?0',
  accept: '*/*',
  origin: 'http://127.0.0.1:5500',
  'sec-fetch-site': 'cross-site',
  'sec-fetch-mode': 'cors',
  'sec-fetch-dest': 'empty',
  referer: 'http://127.0.0.1:5500/',
  'accept-encoding': 'gzip, deflate, br, zstd',
  'accept-language': 'en-GB,en;q=0.9,fr-FR;q=0.8,fr;q=0.7,en-US;q=0.6'
}
Texte extrait (début): 

  
1. Les préférences du consommateur 
La    théorie    de    l’utilité    ordinale    s’intéresse    aux    préférences    du    
consommateur.  Dans  une  économie  où  il  y  a  n biens,  celui-c
Taille du texte: 14424
Reçu: POST /api/quiz
Headers: {
  host: 'localhost:5000',
  connection: 'keep-alive',
  'content-length': '532367',
  'sec-ch-ua-platform': '"Windows"',
  'user-agent': 'Mozilla/5.0 (Windows NT 10.0; Win64; x64) AppleWebKit/537.36 (KHTML, like Gecko) Chrome/136.0.0.0 Safari/537.36',
  'sec-ch-ua': '"Chromium";v="136", "Google Chrome";v="136", "Not.A/Brand";v="99"',
  'content-type': 'multipart/form-data; boundary=----WebKitFormBoundaryWTXAN3F9VgcZLZQD',
  'sec-ch-ua-mobile': '?0',
  accept: '*/*',
  origin: 'http://127.0.0.1:5500',
  'sec-fetch-site': 'cross-site',
  'sec-fetch-mode': 'cors',
  'sec-fetch-dest': 'empty',
  referer: 'http://127.0.0.1:5500/',
  'accept-encoding': 'gzip, deflate, br, zstd',
  'accept-language': 'en-GB,en;q=0.9,fr-FR;q=0.8,fr;q=0.7,en-US;q=0.6'
}
Texte extrait (début): 

  
1. Les préférences du consommateur 
La    théorie    de    l’utilité    ordinale    s’intéresse    aux    préférences    du    
consommateur.  Dans  une  économie  où  il  y  a  n biens,  celui-c
Taille du texte: 14424
Reçu: POST /api/summary
Headers: {
  host: 'localhost:5000',
  connection: 'keep-alive',
  'content-length': '532367',
  'sec-ch-ua-platform': '"Windows"',
  'user-agent': 'Mozilla/5.0 (Windows NT 10.0; Win64; x64) AppleWebKit/537.36 (KHTML, like Gecko) Chrome/136.0.0.0 Safari/537.36',
  'sec-ch-ua': '"Chromium";v="136", "Google Chrome";v="136", "Not.A/Brand";v="99"',
  'content-type': 'multipart/form-data; boundary=----WebKitFormBoundary8pXOTGqQcxW9A1qt',
  'sec-ch-ua-mobile': '?0',
  accept: '*/*',
  origin: 'http://127.0.0.1:5500',
  'sec-fetch-site': 'cross-site',
  'sec-fetch-mode': 'cors',
  'sec-fetch-dest': 'empty',
  referer: 'http://127.0.0.1:5500/',
  'accept-encoding': 'gzip, deflate, br, zstd',
  'accept-language': 'en-GB,en;q=0.9,fr-FR;q=0.8,fr;q=0.7,en-US;q=0.6'
}
Texte extrait (début): 

  
1. Les préférences du consommateur 
La    théorie    de    l’utilité    ordinale    s’intéresse    aux    préférences    du    
consommateur.  Dans  une  économie  où  il  y  a  n biens,  celui-c
Taille du texte: 14424
Reçu: POST /api/quiz
Headers: {
  host: 'localhost:5000',
  connection: 'keep-alive',
  'content-length': '532367',
  'sec-ch-ua-platform': '"Windows"',
  'user-agent': 'Mozilla/5.0 (Windows NT 10.0; Win64; x64) AppleWebKit/537.36 (KHTML, like Gecko) Chrome/136.0.0.0 Safari/537.36',
  'sec-ch-ua': '"Chromium";v="136", "Google Chrome";v="136", "Not.A/Brand";v="99"',
  'content-type': 'multipart/form-data; boundary=----WebKitFormBoundarynf8T60mcuvPCm3HE',
  'sec-ch-ua-mobile': '?0',
  accept: '*/*',
  origin: 'http://127.0.0.1:5500',
  'sec-fetch-site': 'cross-site',
  'sec-fetch-mode': 'cors',
  'sec-fetch-dest': 'empty',
  referer: 'http://127.0.0.1:5500/',
  'accept-encoding': 'gzip, deflate, br, zstd',
  'accept-language': 'en-GB,en;q=0.9,fr-FR;q=0.8,fr;q=0.7,en-US;q=0.6'
}
Texte extrait (début): 

  
1. Les préférences du consommateur 
La    théorie    de    l’utilité    ordinale    s’intéresse    aux    préférences    du    
consommateur.  Dans  une  économie  où  il  y  a  n biens,  celui-c
Taille du texte: 14424
Reçu: POST /api/quiz
Headers: {
  host: 'localhost:5000',
  connection: 'keep-alive',
  'content-length': '532367',
  'sec-ch-ua-platform': '"Windows"',
  'user-agent': 'Mozilla/5.0 (Windows NT 10.0; Win64; x64) AppleWebKit/537.36 (KHTML, like Gecko) Chrome/136.0.0.0 Safari/537.36',
  'sec-ch-ua': '"Chromium";v="136", "Google Chrome";v="136", "Not.A/Brand";v="99"',
  'content-type': 'multipart/form-data; boundary=----WebKitFormBoundary3vO2AD4PARDik7AL',
  'sec-ch-ua-mobile': '?0',
  accept: '*/*',
  origin: 'http://127.0.0.1:5500',
  'sec-fetch-site': 'cross-site',
  'sec-fetch-mode': 'cors',
  'sec-fetch-dest': 'empty',
  referer: 'http://127.0.0.1:5500/',
  'accept-encoding': 'gzip, deflate, br, zstd',
  'accept-language': 'en-GB,en;q=0.9,fr-FR;q=0.8,fr;q=0.7,en-US;q=0.6'
}
Texte extrait (début): 

  
1. Les préférences du consommateur 
La    théorie    de    l’utilité    ordinale    s’intéresse    aux    préférences    du    
consommateur.  Dans  une  économie  où  il  y  a  n biens,  celui-c
Taille du texte: 14424
Reçu: POST /api/summary
Headers: {
  host: 'localhost:5000',
  connection: 'keep-alive',
  'content-length': '532367',
  'sec-ch-ua-platform': '"Windows"',
  'user-agent': 'Mozilla/5.0 (Windows NT 10.0; Win64; x64) AppleWebKit/537.36 (KHTML, like Gecko) Chrome/136.0.0.0 Safari/537.36',
  'sec-ch-ua': '"Chromium";v="136", "Google Chrome";v="136", "Not.A/Brand";v="99"',
  'content-type': 'multipart/form-data; boundary=----WebKitFormBoundaryprOcGBWeoPlVZ9dI',
  'sec-ch-ua-mobile': '?0',
  accept: '*/*',
  origin: 'http://127.0.0.1:5500',
  'sec-fetch-site': 'cross-site',
  'sec-fetch-mode': 'cors',
  'sec-fetch-dest': 'empty',
  referer: 'http://127.0.0.1:5500/',
  'accept-encoding': 'gzip, deflate, br, zstd',
  'accept-language': 'en-GB,en;q=0.9,fr-FR;q=0.8,fr;q=0.7,en-US;q=0.6'
}
Texte extrait (début): 

  
1. Les préférences du consommateur 
La    théorie    de    l’utilité    ordinale    s’intéresse    aux    préférences    du    
consommateur.  Dans  une  économie  où  il  y  a  n biens,  celui-c
Taille du texte: 14424
Reçu: POST /api/summary
Headers: {
  host: 'localhost:5000',
  connection: 'keep-alive',
  'content-length': '137286',
  'sec-ch-ua-platform': '"Windows"',
  'user-agent': 'Mozilla/5.0 (Windows NT 10.0; Win64; x64) AppleWebKit/537.36 (KHTML, like Gecko) Chrome/136.0.0.0 Safari/537.36',
  'sec-ch-ua': '"Chromium";v="136", "Google Chrome";v="136", "Not.A/Brand";v="99"',
  'content-type': 'multipart/form-data; boundary=----WebKitFormBoundaryDZBHbEtpqgnvSl73',
  'sec-ch-ua-mobile': '?0',
  accept: '*/*',
  origin: 'http://127.0.0.1:5500',
  'sec-fetch-site': 'cross-site',
  'sec-fetch-mode': 'cors',
  'sec-fetch-dest': 'empty',
  referer: 'http://127.0.0.1:5500/',
  'accept-encoding': 'gzip, deflate, br, zstd',
  'accept-language': 'en-GB,en;q=0.9,fr-FR;q=0.8,fr;q=0.7,en-US;q=0.6'
}
Texte extrait (début): 

Equilibres et dérèglements climatiques  
Météo vs Climat : 
• Météo :  La météo est l’état ou les conditions de 
l’atmosphère sur une courte période, généralement un jour 
ou deux. 
• Climat : Le cl
Taille du texte: 13144
Reçu: POST /api/summary
Headers: {
  host: 'localhost:5000',
  connection: 'keep-alive',
  'content-length': '111430',
  'sec-ch-ua-platform': '"Windows"',
  'user-agent': 'Mozilla/5.0 (Windows NT 10.0; Win64; x64) AppleWebKit/537.36 (KHTML, like Gecko) Chrome/136.0.0.0 Safari/537.36',
  'sec-ch-ua': '"Chromium";v="136", "Google Chrome";v="136", "Not.A/Brand";v="99"',
  'content-type': 'multipart/form-data; boundary=----WebKitFormBoundaryNTQvIWoTBB1CgIaX',
  'sec-ch-ua-mobile': '?0',
  accept: '*/*',
  origin: 'http://127.0.0.1:5500',
  'sec-fetch-site': 'cross-site',
  'sec-fetch-mode': 'cors',
  'sec-fetch-dest': 'empty',
  referer: 'http://127.0.0.1:5500/',
  'accept-encoding': 'gzip, deflate, br, zstd',
  'accept-language': 'en-GB,en;q=0.9,fr-FR;q=0.8,fr;q=0.7,en-US;q=0.6'
}
Texte extrait (début): 

Chapitre 2 
Croissance économique démarre avec la révolution 
industriel-→ on mesure généralement :  PIB  
Phase d’expansion et de récession  
Néolithique : sédentarisation et développement des 
soc
Taille du texte: 7855
Reçu: POST /api/summary
Headers: {
  host: 'localhost:5000',
  connection: 'keep-alive',
  'content-length': '111430',
  'sec-ch-ua-platform': '"Windows"',
  'user-agent': 'Mozilla/5.0 (Windows NT 10.0; Win64; x64) AppleWebKit/537.36 (KHTML, like Gecko) Chrome/136.0.0.0 Safari/537.36',
  'sec-ch-ua': '"Chromium";v="136", "Google Chrome";v="136", "Not.A/Brand";v="99"',
  'content-type': 'multipart/form-data; boundary=----WebKitFormBoundarygiDtlB3bYlUStOgZ',
  'sec-ch-ua-mobile': '?0',
  accept: '*/*',
  origin: 'http://127.0.0.1:5500',
  'sec-fetch-site': 'cross-site',
  'sec-fetch-mode': 'cors',
  'sec-fetch-dest': 'empty',
  referer: 'http://127.0.0.1:5500/',
  'accept-encoding': 'gzip, deflate, br, zstd',
  'accept-language': 'en-GB,en;q=0.9,fr-FR;q=0.8,fr;q=0.7,en-US;q=0.6'
}
Texte extrait (début): 

Chapitre 2 
Croissance économique démarre avec la révolution 
industriel-→ on mesure généralement :  PIB  
Phase d’expansion et de récession  
Néolithique : sédentarisation et développement des 
soc
Taille du texte: 7855
Reçu: POST /api/quiz
Headers: {
  host: 'localhost:5000',
  connection: 'keep-alive',
  'content-length': '111430',
  'sec-ch-ua-platform': '"Windows"',
  'user-agent': 'Mozilla/5.0 (Windows NT 10.0; Win64; x64) AppleWebKit/537.36 (KHTML, like Gecko) Chrome/136.0.0.0 Safari/537.36',
  'sec-ch-ua': '"Chromium";v="136", "Google Chrome";v="136", "Not.A/Brand";v="99"',
  'content-type': 'multipart/form-data; boundary=----WebKitFormBoundary7AQpu9bjAafHxC1W',
  'sec-ch-ua-mobile': '?0',
  accept: '*/*',
  origin: 'http://127.0.0.1:5500',
  'sec-fetch-site': 'cross-site',
  'sec-fetch-mode': 'cors',
  'sec-fetch-dest': 'empty',
  referer: 'http://127.0.0.1:5500/',
  'accept-encoding': 'gzip, deflate, br, zstd',
  'accept-language': 'en-GB,en;q=0.9,fr-FR;q=0.8,fr;q=0.7,en-US;q=0.6'
}
Texte extrait (début): 

Chapitre 2 
Croissance économique démarre avec la révolution 
industriel-→ on mesure généralement :  PIB  
Phase d’expansion et de récession  
Néolithique : sédentarisation et développement des 
soc
Taille du texte: 7855
🚀 Backend running on port 5000
Reçu: POST /api/quiz
Headers: {
  host: 'localhost:5000',
  connection: 'keep-alive',
  'content-length': '111430',
  'sec-ch-ua-platform': '"Windows"',
  'user-agent': 'Mozilla/5.0 (Windows NT 10.0; Win64; x64) AppleWebKit/537.36 (KHTML, like Gecko) Chrome/136.0.0.0 Safari/537.36',
  'sec-ch-ua': '"Chromium";v="136", "Google Chrome";v="136", "Not.A/Brand";v="99"',
  'content-type': 'multipart/form-data; boundary=----WebKitFormBoundaryen8Z5TNAL6sdRczd',
  'sec-ch-ua-mobile': '?0',
  accept: '*/*',
  origin: 'http://127.0.0.1:5500',
  'sec-fetch-site': 'cross-site',
  'sec-fetch-mode': 'cors',
  'sec-fetch-dest': 'empty',
  referer: 'http://127.0.0.1:5500/',
  'accept-encoding': 'gzip, deflate, br, zstd',
  'accept-language': 'en-GB,en;q=0.9,fr-FR;q=0.8,fr;q=0.7,en-US;q=0.6'
}
Texte extrait (début): 

Chapitre 2 
Croissance économique démarre avec la révolution 
industriel-→ on mesure généralement :  PIB  
Phase d’expansion et de récession  
Néolithique : sédentarisation et développement des 
soc
Taille du texte: 7855
Reçu: POST /api/summary
Headers: {
  host: 'localhost:5000',
  connection: 'keep-alive',
  'content-length': '111430',
  'sec-ch-ua-platform': '"Windows"',
  'user-agent': 'Mozilla/5.0 (Windows NT 10.0; Win64; x64) AppleWebKit/537.36 (KHTML, like Gecko) Chrome/136.0.0.0 Safari/537.36',
  'sec-ch-ua': '"Chromium";v="136", "Google Chrome";v="136", "Not.A/Brand";v="99"',
  'content-type': 'multipart/form-data; boundary=----WebKitFormBoundaryLOjm9FPsTq5mRv2i',
  'sec-ch-ua-mobile': '?0',
  accept: '*/*',
  origin: 'http://127.0.0.1:5500',
  'sec-fetch-site': 'cross-site',
  'sec-fetch-mode': 'cors',
  'sec-fetch-dest': 'empty',
  referer: 'http://127.0.0.1:5500/',
  'accept-encoding': 'gzip, deflate, br, zstd',
  'accept-language': 'en-GB,en;q=0.9,fr-FR;q=0.8,fr;q=0.7,en-US;q=0.6'
}
Texte extrait (début): 

Chapitre 2 
Croissance économique démarre avec la révolution 
industriel-→ on mesure généralement :  PIB  
Phase d’expansion et de récession  
Néolithique : sédentarisation et développement des 
soc
Taille du texte: 7855
Reçu: POST /api/quiz
Headers: {
  host: 'localhost:5000',
  connection: 'keep-alive',
  'content-length': '111430',
  'sec-ch-ua-platform': '"Windows"',
  'user-agent': 'Mozilla/5.0 (Windows NT 10.0; Win64; x64) AppleWebKit/537.36 (KHTML, like Gecko) Chrome/136.0.0.0 Safari/537.36',
  'sec-ch-ua': '"Chromium";v="136", "Google Chrome";v="136", "Not.A/Brand";v="99"',
  'content-type': 'multipart/form-data; boundary=----WebKitFormBoundaryHpGqbFuuwDV2ze2l',
  'sec-ch-ua-mobile': '?0',
  accept: '*/*',
  origin: 'http://127.0.0.1:5500',
  'sec-fetch-site': 'cross-site',
  'sec-fetch-mode': 'cors',
  'sec-fetch-dest': 'empty',
  referer: 'http://127.0.0.1:5500/',
  'accept-encoding': 'gzip, deflate, br, zstd',
  'accept-language': 'en-GB,en;q=0.9,fr-FR;q=0.8,fr;q=0.7,en-US;q=0.6'
}
Texte extrait (début): 

Chapitre 2 
Croissance économique démarre avec la révolution 
industriel-→ on mesure généralement :  PIB  
Phase d’expansion et de récession  
Néolithique : sédentarisation et développement des 
soc
Taille du texte: 7855
🚀 Backend running on port 5000
Reçu: POST /api/quiz
Headers: {
  host: 'localhost:5000',
  connection: 'keep-alive',
  'content-length': '829032',
  'sec-ch-ua-platform': '"Windows"',
  'user-agent': 'Mozilla/5.0 (Windows NT 10.0; Win64; x64) AppleWebKit/537.36 (KHTML, like Gecko) Chrome/136.0.0.0 Safari/537.36',
  'sec-ch-ua': '"Chromium";v="136", "Google Chrome";v="136", "Not.A/Brand";v="99"',
  'content-type': 'multipart/form-data; boundary=----WebKitFormBoundaryeK843cq7IaO1YHrG',
  'sec-ch-ua-mobile': '?0',
  accept: '*/*',
  origin: 'http://127.0.0.1:5500',
  'sec-fetch-site': 'cross-site',
  'sec-fetch-mode': 'cors',
  'sec-fetch-dest': 'empty',
  referer: 'http://127.0.0.1:5500/',
  'accept-encoding': 'gzip, deflate, br, zstd',
  'accept-language': 'en-GB,en;q=0.9,fr-FR;q=0.8,fr;q=0.7,en-US;q=0.6'
}
Warning: TT: undefined function: 32
Warning: TT: undefined function: 32
Texte extrait (début): 

ENTREPRISE ET SOCIÉTÉ
PARTIE 3
INITIATION À LA 
FINANCE
LICENCE1
AYANASREDDINE
AYA.NASREDDINE@PARISNANTERRE.FR
1

2
INTRODUCTION

L’organisation
Définition et types
Obligation commune pour 
les entr
Taille du texte: 10044
Reçu: POST /api/quiz
Headers: {
  host: 'localhost:5000',
  connection: 'keep-alive',
  'content-length': '829032',
  'sec-ch-ua-platform': '"Windows"',
  'user-agent': 'Mozilla/5.0 (Windows NT 10.0; Win64; x64) AppleWebKit/537.36 (KHTML, like Gecko) Chrome/136.0.0.0 Safari/537.36',
  'sec-ch-ua': '"Chromium";v="136", "Google Chrome";v="136", "Not.A/Brand";v="99"',
  'content-type': 'multipart/form-data; boundary=----WebKitFormBoundaryFTvyvoOWs6MfwQyM',
  'sec-ch-ua-mobile': '?0',
  accept: '*/*',
  origin: 'http://127.0.0.1:5500',
  'sec-fetch-site': 'cross-site',
  'sec-fetch-mode': 'cors',
  'sec-fetch-dest': 'empty',
  referer: 'http://127.0.0.1:5500/',
  'accept-encoding': 'gzip, deflate, br, zstd',
  'accept-language': 'en-GB,en;q=0.9,fr-FR;q=0.8,fr;q=0.7,en-US;q=0.6'
}
Warning: TT: undefined function: 32
Warning: TT: undefined function: 32
Texte extrait (début): 

ENTREPRISE ET SOCIÉTÉ
PARTIE 3
INITIATION À LA 
FINANCE
LICENCE1
AYANASREDDINE
AYA.NASREDDINE@PARISNANTERRE.FR
1

2
INTRODUCTION

L’organisation
Définition et types
Obligation commune pour 
les entr
Taille du texte: 10044
Reçu: POST /api/quiz
Headers: {
  host: 'localhost:5000',
  connection: 'keep-alive',
  'content-length': '829032',
  'sec-ch-ua-platform': '"Windows"',
  'user-agent': 'Mozilla/5.0 (Windows NT 10.0; Win64; x64) AppleWebKit/537.36 (KHTML, like Gecko) Chrome/136.0.0.0 Safari/537.36',
  'sec-ch-ua': '"Chromium";v="136", "Google Chrome";v="136", "Not.A/Brand";v="99"',
  'content-type': 'multipart/form-data; boundary=----WebKitFormBoundaryqWBBJwFzyIkZBaxu',
  'sec-ch-ua-mobile': '?0',
  accept: '*/*',
  origin: 'http://127.0.0.1:5500',
  'sec-fetch-site': 'cross-site',
  'sec-fetch-mode': 'cors',
  'sec-fetch-dest': 'empty',
  referer: 'http://127.0.0.1:5500/',
  'accept-encoding': 'gzip, deflate, br, zstd',
  'accept-language': 'en-GB,en;q=0.9,fr-FR;q=0.8,fr;q=0.7,en-US;q=0.6'
}
Warning: TT: undefined function: 32
Warning: TT: undefined function: 32
Texte extrait (début): 

ENTREPRISE ET SOCIÉTÉ
PARTIE 3
INITIATION À LA 
FINANCE
LICENCE1
AYANASREDDINE
AYA.NASREDDINE@PARISNANTERRE.FR
1

2
INTRODUCTION

L’organisation
Définition et types
Obligation commune pour 
les entr
Taille du texte: 10044
Reçu: POST /api/summary
Headers: {
  host: 'localhost:5000',
  connection: 'keep-alive',
  'content-length': '829032',
  'sec-ch-ua-platform': '"Windows"',
  'user-agent': 'Mozilla/5.0 (Windows NT 10.0; Win64; x64) AppleWebKit/537.36 (KHTML, like Gecko) Chrome/136.0.0.0 Safari/537.36',
  'sec-ch-ua': '"Chromium";v="136", "Google Chrome";v="136", "Not.A/Brand";v="99"',
  'content-type': 'multipart/form-data; boundary=----WebKitFormBoundaryT8l59BScDOUefrnb',
  'sec-ch-ua-mobile': '?0',
  accept: '*/*',
  origin: 'http://127.0.0.1:5500',
  'sec-fetch-site': 'cross-site',
  'sec-fetch-mode': 'cors',
  'sec-fetch-dest': 'empty',
  referer: 'http://127.0.0.1:5500/',
  'accept-encoding': 'gzip, deflate, br, zstd',
  'accept-language': 'en-GB,en;q=0.9,fr-FR;q=0.8,fr;q=0.7,en-US;q=0.6'
}
Warning: TT: undefined function: 32
Warning: TT: undefined function: 32
Texte extrait (début): 

ENTREPRISE ET SOCIÉTÉ
PARTIE 3
INITIATION À LA 
FINANCE
LICENCE1
AYANASREDDINE
AYA.NASREDDINE@PARISNANTERRE.FR
1

2
INTRODUCTION

L’organisation
Définition et types
Obligation commune pour 
les entr
Taille du texte: 10044
🚀 Backend running on port 5000
🚀 Backend running on port 5000
Reçu: POST /api/quiz
Headers: {
  host: 'localhost:5000',
  connection: 'keep-alive',
  'content-length': '829032',
  'sec-ch-ua-platform': '"Windows"',
  'user-agent': 'Mozilla/5.0 (Windows NT 10.0; Win64; x64) AppleWebKit/537.36 (KHTML, like Gecko) Chrome/136.0.0.0 Safari/537.36',
  'sec-ch-ua': '"Chromium";v="136", "Google Chrome";v="136", "Not.A/Brand";v="99"',
  'content-type': 'multipart/form-data; boundary=----WebKitFormBoundaryXUcVgwdRYufeCrhc',
  'sec-ch-ua-mobile': '?0',
  accept: '*/*',
  origin: 'http://127.0.0.1:5500',
  'sec-fetch-site': 'cross-site',
  'sec-fetch-mode': 'cors',
  'sec-fetch-dest': 'empty',
  referer: 'http://127.0.0.1:5500/',
  'accept-encoding': 'gzip, deflate, br, zstd',
  'accept-language': 'en-GB,en;q=0.9,fr-FR;q=0.8,fr;q=0.7,en-US;q=0.6'
}
Warning: TT: undefined function: 32
Warning: TT: undefined function: 32
Texte extrait (début): 

ENTREPRISE ET SOCIÉTÉ
PARTIE 3
INITIATION À LA 
FINANCE
LICENCE1
AYANASREDDINE
AYA.NASREDDINE@PARISNANTERRE.FR
1

2
INTRODUCTION

L’organisation
Définition et types
Obligation commune pour 
les entr
Taille du texte: 10044
Reçu: POST /api/summary
Headers: {
  host: 'localhost:5000',
  connection: 'keep-alive',
  'content-length': '829032',
  'sec-ch-ua-platform': '"Windows"',
  'user-agent': 'Mozilla/5.0 (Windows NT 10.0; Win64; x64) AppleWebKit/537.36 (KHTML, like Gecko) Chrome/136.0.0.0 Safari/537.36',
  'sec-ch-ua': '"Chromium";v="136", "Google Chrome";v="136", "Not.A/Brand";v="99"',
  'content-type': 'multipart/form-data; boundary=----WebKitFormBoundaryXakHVgPlRwQ51PYB',
  'sec-ch-ua-mobile': '?0',
  accept: '*/*',
  origin: 'http://127.0.0.1:5500',
  'sec-fetch-site': 'cross-site',
  'sec-fetch-mode': 'cors',
  'sec-fetch-dest': 'empty',
  referer: 'http://127.0.0.1:5500/',
  'accept-encoding': 'gzip, deflate, br, zstd',
  'accept-language': 'en-GB,en;q=0.9,fr-FR;q=0.8,fr;q=0.7,en-US;q=0.6'
}
Reçu: POST /api/quiz
Headers: {
  host: 'localhost:5000',
  connection: 'keep-alive',
  'content-length': '829032',
  'sec-ch-ua-platform': '"Windows"',
  'user-agent': 'Mozilla/5.0 (Windows NT 10.0; Win64; x64) AppleWebKit/537.36 (KHTML, like Gecko) Chrome/136.0.0.0 Safari/537.36',
  'sec-ch-ua': '"Chromium";v="136", "Google Chrome";v="136", "Not.A/Brand";v="99"',
  'content-type': 'multipart/form-data; boundary=----WebKitFormBoundary4gyB5QnP7lhrGgyZ',
  'sec-ch-ua-mobile': '?0',
  accept: '*/*',
  origin: 'http://127.0.0.1:5500',
  'sec-fetch-site': 'cross-site',
  'sec-fetch-mode': 'cors',
  'sec-fetch-dest': 'empty',
  referer: 'http://127.0.0.1:5500/',
  'accept-encoding': 'gzip, deflate, br, zstd',
  'accept-language': 'en-GB,en;q=0.9,fr-FR;q=0.8,fr;q=0.7,en-US;q=0.6'
}
Warning: TT: undefined function: 32
Warning: TT: undefined function: 32
Texte extrait (début): 

ENTREPRISE ET SOCIÉTÉ
PARTIE 3
INITIATION À LA 
FINANCE
LICENCE1
AYANASREDDINE
AYA.NASREDDINE@PARISNANTERRE.FR
1

2
INTRODUCTION

L’organisation
Définition et types
Obligation commune pour 
les entr
Taille du texte: 10044
Reçu: POST /api/summary
Headers: {
  host: 'localhost:5000',
  connection: 'keep-alive',
  'content-length': '829032',
  'sec-ch-ua-platform': '"Windows"',
  'user-agent': 'Mozilla/5.0 (Windows NT 10.0; Win64; x64) AppleWebKit/537.36 (KHTML, like Gecko) Chrome/136.0.0.0 Safari/537.36',
  'sec-ch-ua': '"Chromium";v="136", "Google Chrome";v="136", "Not.A/Brand";v="99"',
  'content-type': 'multipart/form-data; boundary=----WebKitFormBoundaryyUNDWXkWuSlE1oyJ',
  'sec-ch-ua-mobile': '?0',
  accept: '*/*',
  origin: 'http://127.0.0.1:5500',
  'sec-fetch-site': 'cross-site',
  'sec-fetch-mode': 'cors',
  'sec-fetch-dest': 'empty',
  referer: 'http://127.0.0.1:5500/',
  'accept-encoding': 'gzip, deflate, br, zstd',
  'accept-language': 'en-GB,en;q=0.9,fr-FR;q=0.8,fr;q=0.7,en-US;q=0.6'
}
🚀 Backend running on port 5000
Reçu: POST /api/summary
Headers: {
  host: 'localhost:5000',
  connection: 'keep-alive',
  'content-length': '829032',
  'sec-ch-ua-platform': '"Windows"',
  'user-agent': 'Mozilla/5.0 (Windows NT 10.0; Win64; x64) AppleWebKit/537.36 (KHTML, like Gecko) Chrome/136.0.0.0 Safari/537.36',
  'sec-ch-ua': '"Chromium";v="136", "Google Chrome";v="136", "Not.A/Brand";v="99"',
  'content-type': 'multipart/form-data; boundary=----WebKitFormBoundaryokSNdY8K4Qc5zIkU',
  'sec-ch-ua-mobile': '?0',
  accept: '*/*',
  origin: 'http://127.0.0.1:5500',
  'sec-fetch-site': 'cross-site',
  'sec-fetch-mode': 'cors',
  'sec-fetch-dest': 'empty',
  referer: 'http://127.0.0.1:5500/',
  'accept-encoding': 'gzip, deflate, br, zstd',
  'accept-language': 'en-GB,en;q=0.9,fr-FR;q=0.8,fr;q=0.7,en-US;q=0.6'
}
Reçu: POST /api/summary
Headers: {
  host: 'localhost:5000',
  connection: 'keep-alive',
  'content-length': '829032',
  'sec-ch-ua-platform': '"Windows"',
  'user-agent': 'Mozilla/5.0 (Windows NT 10.0; Win64; x64) AppleWebKit/537.36 (KHTML, like Gecko) Chrome/136.0.0.0 Safari/537.36',
  'sec-ch-ua': '"Chromium";v="136", "Google Chrome";v="136", "Not.A/Brand";v="99"',
  'content-type': 'multipart/form-data; boundary=----WebKitFormBoundaryVvk1A0w0cjGizUyk',
  'sec-ch-ua-mobile': '?0',
  accept: '*/*',
  origin: 'http://127.0.0.1:5500',
  'sec-fetch-site': 'cross-site',
  'sec-fetch-mode': 'cors',
  'sec-fetch-dest': 'empty',
  referer: 'http://127.0.0.1:5500/',
  'accept-encoding': 'gzip, deflate, br, zstd',
  'accept-language': 'en-GB,en;q=0.9,fr-FR;q=0.8,fr;q=0.7,en-US;q=0.6'
}
Reçu: POST /api/summary
Headers: {
  host: 'localhost:5000',
  connection: 'keep-alive',
  'content-length': '829032',
  'sec-ch-ua-platform': '"Windows"',
  'user-agent': 'Mozilla/5.0 (Windows NT 10.0; Win64; x64) AppleWebKit/537.36 (KHTML, like Gecko) Chrome/136.0.0.0 Safari/537.36',
  'sec-ch-ua': '"Chromium";v="136", "Google Chrome";v="136", "Not.A/Brand";v="99"',
  'content-type': 'multipart/form-data; boundary=----WebKitFormBoundaryBP91f1tDIOB6nMwB',
  'sec-ch-ua-mobile': '?0',
  accept: '*/*',
  origin: 'http://127.0.0.1:5500',
  'sec-fetch-site': 'cross-site',
  'sec-fetch-mode': 'cors',
  'sec-fetch-dest': 'empty',
  referer: 'http://127.0.0.1:5500/',
  'accept-encoding': 'gzip, deflate, br, zstd',
  'accept-language': 'en-GB,en;q=0.9,fr-FR;q=0.8,fr;q=0.7,en-US;q=0.6'
}
Reçu: POST /api/summary
Headers: {
  host: 'localhost:5000',
  connection: 'keep-alive',
  'content-length': '111430',
  'sec-ch-ua-platform': '"Windows"',
  'user-agent': 'Mozilla/5.0 (Windows NT 10.0; Win64; x64) AppleWebKit/537.36 (KHTML, like Gecko) Chrome/136.0.0.0 Safari/537.36',
  'sec-ch-ua': '"Chromium";v="136", "Google Chrome";v="136", "Not.A/Brand";v="99"',
  'content-type': 'multipart/form-data; boundary=----WebKitFormBoundary0guD4AgXrOqvK0G9',
  'sec-ch-ua-mobile': '?0',
  accept: '*/*',
  origin: 'http://127.0.0.1:5500',
  'sec-fetch-site': 'cross-site',
  'sec-fetch-mode': 'cors',
  'sec-fetch-dest': 'empty',
  referer: 'http://127.0.0.1:5500/',
  'accept-encoding': 'gzip, deflate, br, zstd',
  'accept-language': 'en-GB,en;q=0.9,fr-FR;q=0.8,fr;q=0.7,en-US;q=0.6'
}
Reçu: POST /api/quiz
Headers: {
  host: 'localhost:5000',
  connection: 'keep-alive',
  'content-length': '111430',
  'sec-ch-ua-platform': '"Windows"',
  'user-agent': 'Mozilla/5.0 (Windows NT 10.0; Win64; x64) AppleWebKit/537.36 (KHTML, like Gecko) Chrome/136.0.0.0 Safari/537.36',
  'sec-ch-ua': '"Chromium";v="136", "Google Chrome";v="136", "Not.A/Brand";v="99"',
  'content-type': 'multipart/form-data; boundary=----WebKitFormBoundary3eMD1wXpvMrUtFBB',
  'sec-ch-ua-mobile': '?0',
  accept: '*/*',
  origin: 'http://127.0.0.1:5500',
  'sec-fetch-site': 'cross-site',
  'sec-fetch-mode': 'cors',
  'sec-fetch-dest': 'empty',
  referer: 'http://127.0.0.1:5500/',
  'accept-encoding': 'gzip, deflate, br, zstd',
  'accept-language': 'en-GB,en;q=0.9,fr-FR;q=0.8,fr;q=0.7,en-US;q=0.6'
}
Texte extrait (début): 

Chapitre 2 
Croissance économique démarre avec la révolution 
industriel-→ on mesure généralement :  PIB  
Phase d’expansion et de récession  
Néolithique : sédentarisation et développement des 
soc
Taille du texte: 7855
Reçu: POST /api/quiz
Headers: {
  host: 'localhost:5000',
  connection: 'keep-alive',
  'content-length': '111430',
  'sec-ch-ua-platform': '"Windows"',
  'user-agent': 'Mozilla/5.0 (Windows NT 10.0; Win64; x64) AppleWebKit/537.36 (KHTML, like Gecko) Chrome/136.0.0.0 Safari/537.36',
  'sec-ch-ua': '"Chromium";v="136", "Google Chrome";v="136", "Not.A/Brand";v="99"',
  'content-type': 'multipart/form-data; boundary=----WebKitFormBoundaryNs7BZkStrrb2o6Ak',
  'sec-ch-ua-mobile': '?0',
  accept: '*/*',
  origin: 'http://127.0.0.1:5500',
  'sec-fetch-site': 'cross-site',
  'sec-fetch-mode': 'cors',
  'sec-fetch-dest': 'empty',
  referer: 'http://127.0.0.1:5500/',
  'accept-encoding': 'gzip, deflate, br, zstd',
  'accept-language': 'en-GB,en;q=0.9,fr-FR;q=0.8,fr;q=0.7,en-US;q=0.6'
}
Texte extrait (début): 

Chapitre 2 
Croissance économique démarre avec la révolution 
industriel-→ on mesure généralement :  PIB  
Phase d’expansion et de récession  
Néolithique : sédentarisation et développement des 
soc
Taille du texte: 7855
🚀 Backend running on port 5000
🚀 Backend running on port 5000
Reçu: POST /api/summary
Headers: {
  host: 'localhost:5000',
  connection: 'keep-alive',
  'content-length': '111430',
  'sec-ch-ua-platform': '"Windows"',
  'user-agent': 'Mozilla/5.0 (Windows NT 10.0; Win64; x64) AppleWebKit/537.36 (KHTML, like Gecko) Chrome/136.0.0.0 Safari/537.36',
  'sec-ch-ua': '"Chromium";v="136", "Google Chrome";v="136", "Not.A/Brand";v="99"',
  'content-type': 'multipart/form-data; boundary=----WebKitFormBoundaryIi0SwxSXylznwVzx',
  'sec-ch-ua-mobile': '?0',
  accept: '*/*',
  origin: 'http://127.0.0.1:5501',
  'sec-fetch-site': 'cross-site',
  'sec-fetch-mode': 'cors',
  'sec-fetch-dest': 'empty',
  referer: 'http://127.0.0.1:5501/',
  'accept-encoding': 'gzip, deflate, br, zstd',
  'accept-language': 'en-GB,en;q=0.9,fr-FR;q=0.8,fr;q=0.7,en-US;q=0.6'
}
Texte extrait (début): 

Chapitre 2 
Croissance économique démarre avec la révolution 
industriel-→ on mesure généralement :  PIB  
Phase d’expansion et de récession  
Néolithique : sédentarisation et développement des 
soc
Reçu: POST /api/quiz
Headers: {
  host: 'localhost:5000',
  connection: 'keep-alive',
  'content-length': '111430',
  'sec-ch-ua-platform': '"Windows"',
  'user-agent': 'Mozilla/5.0 (Windows NT 10.0; Win64; x64) AppleWebKit/537.36 (KHTML, like Gecko) Chrome/136.0.0.0 Safari/537.36',
  'sec-ch-ua': '"Chromium";v="136", "Google Chrome";v="136", "Not.A/Brand";v="99"',
  'content-type': 'multipart/form-data; boundary=----WebKitFormBoundary24TvPk4AtSgldm7A',
  'sec-ch-ua-mobile': '?0',
  accept: '*/*',
  origin: 'http://127.0.0.1:5501',
  'sec-fetch-site': 'cross-site',
  'sec-fetch-mode': 'cors',
  'sec-fetch-dest': 'empty',
  referer: 'http://127.0.0.1:5501/',
  'accept-encoding': 'gzip, deflate, br, zstd',
  'accept-language': 'en-GB,en;q=0.9,fr-FR;q=0.8,fr;q=0.7,en-US;q=0.6'
}
Texte extrait (début): 

Chapitre 2 
Croissance économique démarre avec la révolution 
industriel-→ on mesure généralement :  PIB  
Phase d’expansion et de récession  
Néolithique : sédentarisation et développement des 
soc
Reçu: POST /api/test
Headers: {
  host: 'localhost:5000',
  connection: 'keep-alive',
  'content-length': '111430',
  'sec-ch-ua-platform': '"Windows"',
  'user-agent': 'Mozilla/5.0 (Windows NT 10.0; Win64; x64) AppleWebKit/537.36 (KHTML, like Gecko) Chrome/136.0.0.0 Safari/537.36',
  'sec-ch-ua': '"Chromium";v="136", "Google Chrome";v="136", "Not.A/Brand";v="99"',
  'content-type': 'multipart/form-data; boundary=----WebKitFormBoundaryer48fwL0GB5rz58R',
  'sec-ch-ua-mobile': '?0',
  accept: '*/*',
  origin: 'http://127.0.0.1:5501',
  'sec-fetch-site': 'cross-site',
  'sec-fetch-mode': 'cors',
  'sec-fetch-dest': 'empty',
  referer: 'http://127.0.0.1:5501/',
  'accept-encoding': 'gzip, deflate, br, zstd',
  'accept-language': 'en-GB,en;q=0.9,fr-FR;q=0.8,fr;q=0.7,en-US;q=0.6'
}
Texte extrait (début): 

Chapitre 2 
Croissance économique démarre avec la révolution 
industriel-→ on mesure généralement :  PIB  
Phase d’expansion et de récession  
Néolithique : sédentarisation et développement des 
soc
🚀 Backend running on port 5000
🚀 Backend running on port 5000
Reçu: POST /api/flashcards
Headers: {
  host: 'localhost:5000',
  connection: 'keep-alive',
  'content-length': '111430',
  'sec-ch-ua-platform': '"Windows"',
  'user-agent': 'Mozilla/5.0 (Windows NT 10.0; Win64; x64) AppleWebKit/537.36 (KHTML, like Gecko) Chrome/136.0.0.0 Safari/537.36',
  'sec-ch-ua': '"Chromium";v="136", "Google Chrome";v="136", "Not.A/Brand";v="99"',
  'content-type': 'multipart/form-data; boundary=----WebKitFormBoundaryBGdXJBJbtQu6JqC6',
  'sec-ch-ua-mobile': '?0',
  accept: '*/*',
  origin: 'http://127.0.0.1:5501',
  'sec-fetch-site': 'cross-site',
  'sec-fetch-mode': 'cors',
  'sec-fetch-dest': 'empty',
  referer: 'http://127.0.0.1:5501/',
  'accept-encoding': 'gzip, deflate, br, zstd',
  'accept-language': 'en-GB,en;q=0.9,fr-FR;q=0.8,fr;q=0.7,en-US;q=0.6'
}
Reçu: POST /api/test
Headers: {
  host: 'localhost:5000',
  connection: 'keep-alive',
  'content-length': '111430',
  'sec-ch-ua-platform': '"Windows"',
  'user-agent': 'Mozilla/5.0 (Windows NT 10.0; Win64; x64) AppleWebKit/537.36 (KHTML, like Gecko) Chrome/136.0.0.0 Safari/537.36',
  'sec-ch-ua': '"Chromium";v="136", "Google Chrome";v="136", "Not.A/Brand";v="99"',
  'content-type': 'multipart/form-data; boundary=----WebKitFormBoundaryzIN1aAAtDvC30NdL',
  'sec-ch-ua-mobile': '?0',
  accept: '*/*',
  origin: 'http://127.0.0.1:5501',
  'sec-fetch-site': 'cross-site',
  'sec-fetch-mode': 'cors',
  'sec-fetch-dest': 'empty',
  referer: 'http://127.0.0.1:5501/',
  'accept-encoding': 'gzip, deflate, br, zstd',
  'accept-language': 'en-GB,en;q=0.9,fr-FR;q=0.8,fr;q=0.7,en-US;q=0.6'
}
Texte extrait (début): 

Chapitre 2 
Croissance économique démarre avec la révolution 
industriel-→ on mesure généralement :  PIB  
Phase d’expansion et de récession  
Néolithique : sédentarisation et développement des 
soc
🚀 Backend running on port 5000
Reçu: POST /api/quiz
Headers: {
  host: 'localhost:5000',
  connection: 'keep-alive',
  'content-length': '111430',
  'sec-ch-ua-platform': '"Windows"',
  'user-agent': 'Mozilla/5.0 (Windows NT 10.0; Win64; x64) AppleWebKit/537.36 (KHTML, like Gecko) Chrome/136.0.0.0 Safari/537.36',
  'sec-ch-ua': '"Chromium";v="136", "Google Chrome";v="136", "Not.A/Brand";v="99"',
  'content-type': 'multipart/form-data; boundary=----WebKitFormBoundaryxGEPvi9dI9gve8bq',
  'sec-ch-ua-mobile': '?0',
  accept: '*/*',
  origin: 'http://127.0.0.1:5501',
  'sec-fetch-site': 'cross-site',
  'sec-fetch-mode': 'cors',
  'sec-fetch-dest': 'empty',
  referer: 'http://127.0.0.1:5501/',
  'accept-encoding': 'gzip, deflate, br, zstd',
  'accept-language': 'en-GB,en;q=0.9,fr-FR;q=0.8,fr;q=0.7,en-US;q=0.6'
}
Texte extrait (début): 

Chapitre 2 
Croissance économique démarre avec la révolution 
industriel-→ on mesure généralement :  PIB  
Phase d’expansion et de récession  
Néolithique : sédentarisation et développement des 
soc
Reçu: POST /api/test
Headers: {
  host: 'localhost:5000',
  connection: 'keep-alive',
  'content-length': '111430',
  'sec-ch-ua-platform': '"Windows"',
  'user-agent': 'Mozilla/5.0 (Windows NT 10.0; Win64; x64) AppleWebKit/537.36 (KHTML, like Gecko) Chrome/136.0.0.0 Safari/537.36',
  'sec-ch-ua': '"Chromium";v="136", "Google Chrome";v="136", "Not.A/Brand";v="99"',
  'content-type': 'multipart/form-data; boundary=----WebKitFormBoundarybpKZ2BEwJI94wZEi',
  'sec-ch-ua-mobile': '?0',
  accept: '*/*',
  origin: 'http://127.0.0.1:5501',
  'sec-fetch-site': 'cross-site',
  'sec-fetch-mode': 'cors',
  'sec-fetch-dest': 'empty',
  referer: 'http://127.0.0.1:5501/',
  'accept-encoding': 'gzip, deflate, br, zstd',
  'accept-language': 'en-GB,en;q=0.9,fr-FR;q=0.8,fr;q=0.7,en-US;q=0.6'
}
Texte extrait (début): 

Chapitre 2 
Croissance économique démarre avec la révolution 
industriel-→ on mesure généralement :  PIB  
Phase d’expansion et de récession  
Néolithique : sédentarisation et développement des 
soc
Reçu: POST /api/quiz
Headers: {
  host: 'localhost:5000',
  connection: 'keep-alive',
  'content-length': '111430',
  'sec-ch-ua-platform': '"Windows"',
  'user-agent': 'Mozilla/5.0 (Windows NT 10.0; Win64; x64) AppleWebKit/537.36 (KHTML, like Gecko) Chrome/136.0.0.0 Safari/537.36',
  'sec-ch-ua': '"Chromium";v="136", "Google Chrome";v="136", "Not.A/Brand";v="99"',
  'content-type': 'multipart/form-data; boundary=----WebKitFormBoundarylkJc9UBn3FibQSjW',
  'sec-ch-ua-mobile': '?0',
  accept: '*/*',
  origin: 'http://127.0.0.1:5501',
  'sec-fetch-site': 'cross-site',
  'sec-fetch-mode': 'cors',
  'sec-fetch-dest': 'empty',
  referer: 'http://127.0.0.1:5501/',
  'accept-encoding': 'gzip, deflate, br, zstd',
  'accept-language': 'en-GB,en;q=0.9,fr-FR;q=0.8,fr;q=0.7,en-US;q=0.6'
}
Texte extrait (début): 

Chapitre 2 
Croissance économique démarre avec la révolution 
industriel-→ on mesure généralement :  PIB  
Phase d’expansion et de récession  
Néolithique : sédentarisation et développement des 
soc
🚀 Backend running on port 5000
Reçu: POST /api/summary
Headers: {
  host: 'localhost:5000',
  connection: 'keep-alive',
  'content-length': '111430',
  'sec-ch-ua-platform': '"Windows"',
  'user-agent': 'Mozilla/5.0 (Windows NT 10.0; Win64; x64) AppleWebKit/537.36 (KHTML, like Gecko) Chrome/136.0.0.0 Safari/537.36',
  'sec-ch-ua': '"Chromium";v="136", "Google Chrome";v="136", "Not.A/Brand";v="99"',
  'content-type': 'multipart/form-data; boundary=----WebKitFormBoundaryoFEkSE4s4KkBdhWB',
  'sec-ch-ua-mobile': '?0',
  accept: '*/*',
  origin: 'http://127.0.0.1:5501',
  'sec-fetch-site': 'cross-site',
  'sec-fetch-mode': 'cors',
  'sec-fetch-dest': 'empty',
  referer: 'http://127.0.0.1:5501/',
  'accept-encoding': 'gzip, deflate, br, zstd',
  'accept-language': 'en-GB,en;q=0.9,fr-FR;q=0.8,fr;q=0.7,en-US;q=0.6'
}
Texte extrait (début): 

Chapitre 2 
Croissance économique démarre avec la révolution 
industriel-→ on mesure généralement :  PIB  
Phase d’expansion et de récession  
Néolithique : sédentarisation et développement des 
soc
Reçu: POST /api/quiz
Headers: {
  host: 'localhost:5000',
  connection: 'keep-alive',
  'content-length': '111430',
  'sec-ch-ua-platform': '"Windows"',
  'user-agent': 'Mozilla/5.0 (Windows NT 10.0; Win64; x64) AppleWebKit/537.36 (KHTML, like Gecko) Chrome/136.0.0.0 Safari/537.36',
  'sec-ch-ua': '"Chromium";v="136", "Google Chrome";v="136", "Not.A/Brand";v="99"',
  'content-type': 'multipart/form-data; boundary=----WebKitFormBoundaryupqLOv2bOR3uukGu',
  'sec-ch-ua-mobile': '?0',
  accept: '*/*',
  origin: 'http://127.0.0.1:5501',
  'sec-fetch-site': 'cross-site',
  'sec-fetch-mode': 'cors',
  'sec-fetch-dest': 'empty',
  referer: 'http://127.0.0.1:5501/',
  'accept-encoding': 'gzip, deflate, br, zstd',
  'accept-language': 'en-GB,en;q=0.9,fr-FR;q=0.8,fr;q=0.7,en-US;q=0.6'
}
Texte extrait (début): 

Chapitre 2 
Croissance économique démarre avec la révolution 
industriel-→ on mesure généralement :  PIB  
Phase d’expansion et de récession  
Néolithique : sédentarisation et développement des 
soc
🚀 Backend running on port 5000
Reçu: POST /api/test
Headers: {
  host: 'localhost:5000',
  connection: 'keep-alive',
  'content-length': '111430',
  'sec-ch-ua-platform': '"Windows"',
  'user-agent': 'Mozilla/5.0 (Windows NT 10.0; Win64; x64) AppleWebKit/537.36 (KHTML, like Gecko) Chrome/136.0.0.0 Safari/537.36',
  'sec-ch-ua': '"Chromium";v="136", "Google Chrome";v="136", "Not.A/Brand";v="99"',
  'content-type': 'multipart/form-data; boundary=----WebKitFormBoundaryBBZZQy5s3qXsCUXW',
  'sec-ch-ua-mobile': '?0',
  accept: '*/*',
  origin: 'http://127.0.0.1:5501',
  'sec-fetch-site': 'cross-site',
  'sec-fetch-mode': 'cors',
  'sec-fetch-dest': 'empty',
  referer: 'http://127.0.0.1:5501/',
  'accept-encoding': 'gzip, deflate, br, zstd',
  'accept-language': 'en-GB,en;q=0.9,fr-FR;q=0.8,fr;q=0.7,en-US;q=0.6'
}
Texte extrait (début): 

Chapitre 2 
Croissance économique démarre avec la révolution 
industriel-→ on mesure généralement :  PIB  
Phase d’expansion et de récession  
Néolithique : sédentarisation et développement des 
soc
Reçu: POST /api/flashcards
Headers: {
  host: 'localhost:5000',
  connection: 'keep-alive',
  'content-length': '111430',
  'sec-ch-ua-platform': '"Windows"',
  'user-agent': 'Mozilla/5.0 (Windows NT 10.0; Win64; x64) AppleWebKit/537.36 (KHTML, like Gecko) Chrome/136.0.0.0 Safari/537.36',
  'sec-ch-ua': '"Chromium";v="136", "Google Chrome";v="136", "Not.A/Brand";v="99"',
  'content-type': 'multipart/form-data; boundary=----WebKitFormBoundary6CS6HZL7XtC1ZRgf',
  'sec-ch-ua-mobile': '?0',
  accept: '*/*',
  origin: 'http://127.0.0.1:5501',
  'sec-fetch-site': 'cross-site',
  'sec-fetch-mode': 'cors',
  'sec-fetch-dest': 'empty',
  referer: 'http://127.0.0.1:5501/',
  'accept-encoding': 'gzip, deflate, br, zstd',
  'accept-language': 'en-GB,en;q=0.9,fr-FR;q=0.8,fr;q=0.7,en-US;q=0.6'
}
